init-params: initializing eigensolver data
Computing 100 bands with 1.000000e-07 tolerance.
Working in 2 dimensions.
Grid size is 112 x 112 x 1.
Solving for 10 bands at a time.
Creating Maxwell data...
Allocating fields...
Mesh size is 3.
Lattice vectors:
     (7, 0, 0)
     (0, 7, 0)
     (0, 0, 1)
Cell volume = 49
Reciprocal lattice vectors (/ 2 pi):
     (0.142857, -0, 0)
     (-0, 0.142857, -0)
     (0, -0, 1)
Geometric objects:
     block, center = (0,0,0)
          size (1e+20,1e+20,1e+20)
          axes (1,0,0), (0,1,0), (0,0,1)
          dielectric constant epsilon = 12
     cylinder, center = (0,0,0)
          radius 0.36, height 1e+20, axis (0, 0, 1)
          dielectric constant epsilon = 1
     cylinder, center = (1,0,0)
          radius 0.36, height 1e+20, axis (0, 0, 1)
          dielectric constant epsilon = 1
     cylinder, center = (2,0,0)
          radius 0.36, height 1e+20, axis (0, 0, 1)
          dielectric constant epsilon = 1
     cylinder, center = (-1,0,0)
          radius 0.36, height 1e+20, axis (0, 0, 1)
          dielectric constant epsilon = 1
     cylinder, center = (-2,0,0)
          radius 0.36, height 1e+20, axis (0, 0, 1)
          dielectric constant epsilon = 1
     cylinder, center = (3,0,0)
          radius 0.36, height 1e+20, axis (0, 0, 1)
          dielectric constant epsilon = 1
     cylinder, center = (-3,0,0)
          radius 0.36, height 1e+20, axis (0, 0, 1)
          dielectric constant epsilon = 1
     cylinder, center = (0,1,0)
          radius 0.36, height 1e+20, axis (0, 0, 1)
          dielectric constant epsilon = 1
     cylinder, center = (1,1,0)
          radius 0.36, height 1e+20, axis (0, 0, 1)
          dielectric constant epsilon = 1
     cylinder, center = (2,1,0)
          radius 0.36, height 1e+20, axis (0, 0, 1)
          dielectric constant epsilon = 1
     cylinder, center = (-1,1,0)
          radius 0.36, height 1e+20, axis (0, 0, 1)
          dielectric constant epsilon = 1
     cylinder, center = (-2,1,0)
          radius 0.36, height 1e+20, axis (0, 0, 1)
          dielectric constant epsilon = 1
     cylinder, center = (3,1,0)
          radius 0.36, height 1e+20, axis (0, 0, 1)
          dielectric constant epsilon = 1
     cylinder, center = (-3,1,0)
          radius 0.36, height 1e+20, axis (0, 0, 1)
          dielectric constant epsilon = 1
     cylinder, center = (0,2,0)
          radius 0.36, height 1e+20, axis (0, 0, 1)
          dielectric constant epsilon = 1
     cylinder, center = (1,2,0)
          radius 0.36, height 1e+20, axis (0, 0, 1)
          dielectric constant epsilon = 1
     cylinder, center = (2,2,0)
          radius 0.36, height 1e+20, axis (0, 0, 1)
          dielectric constant epsilon = 1
     cylinder, center = (-1,2,0)
          radius 0.36, height 1e+20, axis (0, 0, 1)
          dielectric constant epsilon = 1
     cylinder, center = (-2,2,0)
          radius 0.36, height 1e+20, axis (0, 0, 1)
          dielectric constant epsilon = 1
     cylinder, center = (3,2,0)
          radius 0.36, height 1e+20, axis (0, 0, 1)
          dielectric constant epsilon = 1
     cylinder, center = (-3,2,0)
          radius 0.36, height 1e+20, axis (0, 0, 1)
          dielectric constant epsilon = 1
     cylinder, center = (0,-1,0)
          radius 0.36, height 1e+20, axis (0, 0, 1)
          dielectric constant epsilon = 1
     cylinder, center = (1,-1,0)
          radius 0.36, height 1e+20, axis (0, 0, 1)
          dielectric constant epsilon = 1
     cylinder, center = (2,-1,0)
          radius 0.36, height 1e+20, axis (0, 0, 1)
          dielectric constant epsilon = 1
     cylinder, center = (-1,-1,0)
          radius 0.36, height 1e+20, axis (0, 0, 1)
          dielectric constant epsilon = 1
     cylinder, center = (-2,-1,0)
          radius 0.36, height 1e+20, axis (0, 0, 1)
          dielectric constant epsilon = 1
     cylinder, center = (3,-1,0)
          radius 0.36, height 1e+20, axis (0, 0, 1)
          dielectric constant epsilon = 1
     cylinder, center = (-3,-1,0)
          radius 0.36, height 1e+20, axis (0, 0, 1)
          dielectric constant epsilon = 1
     cylinder, center = (0,-2,0)
          radius 0.36, height 1e+20, axis (0, 0, 1)
          dielectric constant epsilon = 1
     cylinder, center = (1,-2,0)
          radius 0.36, height 1e+20, axis (0, 0, 1)
          dielectric constant epsilon = 1
     cylinder, center = (2,-2,0)
          radius 0.36, height 1e+20, axis (0, 0, 1)
          dielectric constant epsilon = 1
     cylinder, center = (-1,-2,0)
          radius 0.36, height 1e+20, axis (0, 0, 1)
          dielectric constant epsilon = 1
     cylinder, center = (-2,-2,0)
          radius 0.36, height 1e+20, axis (0, 0, 1)
          dielectric constant epsilon = 1
     cylinder, center = (-3,-2,0)
          radius 0.36, height 1e+20, axis (0, 0, 1)
          dielectric constant epsilon = 1
     cylinder, center = (3,-2,0)
          radius 0.36, height 1e+20, axis (0, 0, 1)
          dielectric constant epsilon = 1
     cylinder, center = (0,-3,0)
          radius 0.36, height 1e+20, axis (0, 0, 1)
          dielectric constant epsilon = 1
     cylinder, center = (1,-3,0)
          radius 0.36, height 1e+20, axis (0, 0, 1)
          dielectric constant epsilon = 1
     cylinder, center = (2,-3,0)
          radius 0.36, height 1e+20, axis (0, 0, 1)
          dielectric constant epsilon = 1
     cylinder, center = (-1,-3,0)
          radius 0.36, height 1e+20, axis (0, 0, 1)
          dielectric constant epsilon = 1
     cylinder, center = (-2,-3,0)
          radius 0.36, height 1e+20, axis (0, 0, 1)
          dielectric constant epsilon = 1
     cylinder, center = (3,-3,0)
          radius 0.36, height 1e+20, axis (0, 0, 1)
          dielectric constant epsilon = 1
     cylinder, center = (-3,-3,0)
          radius 0.36, height 1e+20, axis (0, 0, 1)
          dielectric constant epsilon = 1
     cylinder, center = (0,3,0)
          radius 0.36, height 1e+20, axis (0, 0, 1)
          dielectric constant epsilon = 1
     cylinder, center = (1,3,0)
          radius 0.36, height 1e+20, axis (0, 0, 1)
          dielectric constant epsilon = 1
     cylinder, center = (2,3,0)
          radius 0.36, height 1e+20, axis (0, 0, 1)
          dielectric constant epsilon = 1
     cylinder, center = (-1,3,0)
          radius 0.36, height 1e+20, axis (0, 0, 1)
          dielectric constant epsilon = 1
     cylinder, center = (-2,3,0)
          radius 0.36, height 1e+20, axis (0, 0, 1)
          dielectric constant epsilon = 1
     cylinder, center = (-3,3,0)
          radius 0.36, height 1e+20, axis (0, 0, 1)
          dielectric constant epsilon = 1
     cylinder, center = (3,3,0)
          radius 0.36, height 1e+20, axis (0, 0, 1)
          dielectric constant epsilon = 1
     cylinder, center = (0,0,0)
          radius 0.36, height 1e+20, axis (0, 0, 1)
          dielectric constant epsilon = 12
Geometric object tree has depth 7 and 329 object nodes (vs. 51 actual objects)
Initializing dielectric function...
1 k-points:
     (0.5,0.5,0)
Solving for band polarization: te.
Initializing fields to random numbers...
elapsed time for initialization: 0 seconds.
epsilon: 1-12, mean 7.61275, harm. mean 2.43536, 65.9439% > 1, 60.1159% "fill"
Outputting point-epsilon...
solve_kpoint (0.5,0.5,0):
tefreqs:, k index, k1, k2, k3, kmag/2pi, te band 1, te band 2, te band 3, te band 4, te band 5, te band 6, te band 7, te band 8, te band 9, te band 10, te band 11, te band 12, te band 13, te band 14, te band 15, te band 16, te band 17, te band 18, te band 19, te band 20, te band 21, te band 22, te band 23, te band 24, te band 25, te band 26, te band 27, te band 28, te band 29, te band 30, te band 31, te band 32, te band 33, te band 34, te band 35, te band 36, te band 37, te band 38, te band 39, te band 40, te band 41, te band 42, te band 43, te band 44, te band 45, te band 46, te band 47, te band 48, te band 49, te band 50, te band 51, te band 52, te band 53, te band 54, te band 55, te band 56, te band 57, te band 58, te band 59, te band 60, te band 61, te band 62, te band 63, te band 64, te band 65, te band 66, te band 67, te band 68, te band 69, te band 70, te band 71, te band 72, te band 73, te band 74, te band 75, te band 76, te band 77, te band 78, te band 79, te band 80, te band 81, te band 82, te band 83, te band 84, te band 85, te band 86, te band 87, te band 88, te band 89, te band 90, te band 91, te band 92, te band 93, te band 94, te band 95, te band 96, te band 97, te band 98, te band 99, te band 100
Solving for bands 1 to 10...
    iteration    9: trace = 0.05721267928406296 (0.0347304% change)
    iteration   17: trace = 0.05712523031199834 (0.000530913% change)
    iteration   26: trace = 0.0571013498489924 (0.00354293% change)
    iteration   35: trace = 0.05709741266437076 (0.000122612% change)
    iteration   44: trace = 0.05709694766155285 (1.8421e-05% change)
Finished solving for bands 1 to 10 after 45 iterations.
Solving for bands 11 to 20...
    iteration    7: trace = 0.1587890941709938 (1.09965% change)
    iteration   15: trace = 0.1577151439460794 (0.0423864% change)
    iteration   23: trace = 0.1574632111273579 (0.0201127% change)
    iteration   31: trace = 0.1573612180099024 (0.00100512% change)
    iteration   39: trace = 0.1573517259243072 (0.000120492% change)
    iteration   46: trace = 0.1573501679289123 (1.80615e-05% change)
Finished solving for bands 11 to 20 after 47 iterations.
Solving for bands 21 to 30...
    iteration    7: trace = 0.2468898540585351 (0.912302% change)
    iteration   14: trace = 0.2444118366857782 (0.107438% change)
    iteration   21: trace = 0.244038911610131 (0.0120367% change)
    iteration   28: trace = 0.2439737104303107 (0.00277183% change)
    iteration   35: trace = 0.2439303717077993 (0.00211921% change)
    iteration   42: trace = 0.2438965655862167 (0.000810906% change)
    iteration   49: trace = 0.2438864108644568 (0.000141858% change)
    iteration   56: trace = 0.2438834330232632 (9.75095e-05% change)
    iteration   63: trace = 0.2438794753497335 (0.000159773% change)
    iteration   70: trace = 0.2438772907693908 (1.64005e-05% change)
Finished solving for bands 21 to 30 after 74 iterations.
Solving for bands 31 to 40...
    iteration    6: trace = 0.3271105100506037 (2.75394% change)
    iteration   12: trace = 0.3178073303521743 (0.181163% change)
    iteration   19: trace = 0.3148461248358979 (0.0546007% change)
    iteration   25: trace = 0.3145464994128065 (0.00294041% change)
    iteration   31: trace = 0.3145309385344824 (0.000138948% change)
    iteration   37: trace = 0.3145302832792495 (7.29145e-06% change)
Finished solving for bands 31 to 40 after 37 iterations.
Solving for bands 41 to 50...
    iteration    6: trace = 0.5029793213052385 (3.74222% change)
    iteration   12: trace = 0.4655154907717435 (0.402391% change)
    iteration   18: trace = 0.4629513415211546 (0.0106506% change)
    iteration   24: trace = 0.4628374579534716 (0.00222844% change)
    iteration   30: trace = 0.4628163014338002 (0.000120812% change)
Finished solving for bands 41 to 50 after 34 iterations.
Solving for bands 51 to 60...
    iteration    6: trace = 0.6943854440843622 (1.77359% change)
    iteration   12: trace = 0.6636238718477967 (0.283344% change)
    iteration   18: trace = 0.6599935323827996 (0.0463995% change)
    iteration   24: trace = 0.6586048889701366 (0.0292734% change)
    iteration   30: trace = 0.6579954673339091 (0.00807205% change)
    iteration   36: trace = 0.6578430589881006 (0.00220702% change)
    iteration   42: trace = 0.6577945304120968 (0.000821908% change)
    iteration   48: trace = 0.6577776730860045 (0.000188524% change)
    iteration   54: trace = 0.65777455942025 (3.18758e-05% change)
Finished solving for bands 51 to 60 after 59 iterations.
Solving for bands 61 to 70...
    iteration    5: trace = 0.7781093456298336 (4.82289% change)
    iteration   11: trace = 0.7503058923761369 (0.141% change)
    iteration   17: trace = 0.7446582227245168 (0.0618068% change)
    iteration   23: trace = 0.7425950509774925 (0.0358337% change)
    iteration   29: trace = 0.7418061717373392 (0.013469% change)
    iteration   35: trace = 0.7413069285519247 (0.00751623% change)
    iteration   41: trace = 0.741031793493528 (0.00572083% change)
    iteration   47: trace = 0.7408323935152326 (0.00482343% change)
    iteration   53: trace = 0.7406358424414898 (0.00443496% change)
    iteration   59: trace = 0.7404057858375591 (0.00383614% change)
    iteration   64: trace = 0.7402813666637785 (0.0032114% change)
    iteration   70: trace = 0.7401905745402775 (0.000652501% change)
    iteration   76: trace = 0.7401459851037381 (0.000618505% change)
    iteration   82: trace = 0.7401239113645132 (0.000416337% change)
    iteration   88: trace = 0.7401173325478105 (4.41088e-05% change)
    iteration   94: trace = 0.7401158275215439 (2.05754e-05% change)
    iteration  100: trace = 0.7401153248342826 (9.39122e-06% change)
Finished solving for bands 61 to 70 after 100 iterations.
Solving for bands 71 to 80...
    iteration    5: trace = 0.8231661563416544 (6.60872% change)
    iteration   10: trace = 0.7763501464142912 (0.430167% change)
    iteration   15: trace = 0.7731435478927347 (0.0193678% change)
    iteration   20: trace = 0.7729927943574074 (0.00143887% change)
    iteration   25: trace = 0.7728742497411824 (0.0047035% change)
    iteration   30: trace = 0.7727639057828877 (0.000892298% change)
    iteration   35: trace = 0.7727509905626047 (0.000248384% change)
    iteration   40: trace = 0.7727112736508811 (0.00159508% change)
    iteration   45: trace = 0.7726792641192316 (0.000368768% change)
    iteration   50: trace = 0.7726567322868374 (0.0011602% change)
    iteration   55: trace = 0.7725983597605616 (0.000933607% change)
    iteration   61: trace = 0.7725874737686065 (0.000113135% change)
    iteration   66: trace = 0.7725741025936866 (0.000625753% change)
    iteration   71: trace = 0.7725630926303029 (0.000145323% change)
    iteration   76: trace = 0.7725601434208692 (0.000101166% change)
    iteration   81: trace = 0.772552452512324 (0.000164737% change)
    iteration   86: trace = 0.7725504533440354 (3.92013e-05% change)
    iteration   91: trace = 0.7725403237181376 (0.000520217% change)
    iteration   96: trace = 0.7725303302150419 (9.50826e-05% change)
    iteration  101: trace = 0.7725276620822703 (0.00011852% change)
    iteration  106: trace = 0.7725178997050618 (0.000224145% change)
    iteration  111: trace = 0.7725153061207126 (4.00116e-05% change)
    iteration  116: trace = 0.7725098992760557 (0.000209681% change)
    iteration  121: trace = 0.7725063841797357 (1.67069e-05% change)
Finished solving for bands 71 to 80 after 122 iterations.
Solving for bands 81 to 90...
    iteration    5: trace = 0.979791253535404 (9.57716% change)
    iteration   10: trace = 0.9045160637504598 (0.37315% change)
    iteration   15: trace = 0.8954579617361091 (0.111832% change)
    iteration   20: trace = 0.8933035472538047 (0.0222187% change)
    iteration   25: trace = 0.8926104154251605 (0.0101827% change)
    iteration   30: trace = 0.8923477045004977 (0.00357044% change)
    iteration   35: trace = 0.8922350585433557 (0.00182384% change)
    iteration   40: trace = 0.8921662827401581 (0.00174423% change)
    iteration   45: trace = 0.892028134385911 (0.00427547% change)
    iteration   50: trace = 0.891812776834314 (0.00383867% change)
    iteration   55: trace = 0.8917348036015342 (0.00104044% change)
    iteration   60: trace = 0.8917107640805233 (0.000388609% change)
    iteration   66: trace = 0.8916970447225423 (0.00019831% change)
    iteration   71: trace = 0.891691958289344 (9.64889e-05% change)
    iteration   76: trace = 0.8916890313708878 (4.51117e-05% change)
    iteration   81: trace = 0.8916870495899102 (3.68579e-05% change)
    iteration   86: trace = 0.8916860889511089 (1.0274e-05% change)
Finished solving for bands 81 to 90 after 87 iterations.
Solving for bands 91 to 100...
    iteration    5: trace = 1.196889265061994 (8.175% change)
    iteration   10: trace = 1.047707405730129 (0.955836% change)
    iteration   15: trace = 1.039272480454453 (0.0253866% change)
    iteration   20: trace = 1.038792648219441 (0.00647006% change)
    iteration   25: trace = 1.038665219684285 (0.000661017% change)
    iteration   30: trace = 1.038656827843139 (4.54873e-05% change)
    iteration   35: trace = 1.038655865436018 (6.10263e-06% change)
Finished solving for bands 91 to 100 after 35 iterations.
Finished k-point with 64 mean iterations/band.
tefreqs:, 1, 0.5, 0.5, 0, 0.101015, 0.0412451, 0.0412462, 0.04186, 0.0418667, 0.0898434, 0.0898435, 0.0921372, 0.0921594, 0.0923569, 0.0923761, 0.0923748, 0.0923758, 0.122522, 0.122522, 0.124101, 0.124335, 0.140324, 0.140325, 0.141301, 0.141606, 0.142591, 0.142612, 0.142612, 0.142618, 0.162772, 0.162772, 0.16421, 0.165588, 0.165946, 0.166183, 0.166176, 0.166181, 0.168705, 0.169121, 0.169714, 0.169714, 0.18959, 0.190205, 0.190205, 0.190605, 0.198441, 0.198441, 0.19908, 0.200186, 0.21972, 0.220562, 0.220562, 0.222162, 0.233905, 0.233905, 0.238839, 0.248488, 0.255194, 0.255585, 0.257621, 0.257621, 0.25977, 0.261811, 0.264361, 0.264361, 0.266313, 0.268791, 0.269011, 0.269011, 0.272112, 0.27253, 0.275363, 0.275363, 0.275835, 0.275966, 0.277068, 0.277369, 0.277369, 0.277393, 0.277872, 0.278244, 0.278346, 0.278346, 0.278632, 0.278756, 0.278755, 0.278867, 0.298563, 0.298563, 0.299322, 0.301184, 0.305052, 0.305052, 0.308151, 0.31074, 0.311733, 0.31209, 0.31209, 0.312137, 0.316937, 0.316937, 0.331804, 0.335777, 0.33578, 0.3358
elapsed time for k point: 1 minute, 0 seconds.
Fixing h-field (band 1) phase by 0.329233 + 0.944249i; max ampl. = 0.200482
Outputting fields to point-h.k01.b01.z.te...
Fixing h-field (band 2) phase by -0.996543 + 0.083084i; max ampl. = 0.200471
Outputting fields to point-h.k01.b02.z.te...
Fixing h-field (band 3) phase by -0.844487 + 0.535576i; max ampl. = 0.29294
Outputting fields to point-h.k01.b03.z.te...
Fixing h-field (band 4) phase by -0.85629 + 0.516495i; max ampl. = 0.283299
Outputting fields to point-h.k01.b04.z.te...
Fixing h-field (band 5) phase by -0.14732 + -0.989089i; max ampl. = 0.331862
Outputting fields to point-h.k01.b05.z.te...
Fixing h-field (band 6) phase by -0.479645 + -0.877463i; max ampl. = 0.334386
Outputting fields to point-h.k01.b06.z.te...
Fixing h-field (band 7) phase by -0.462485 + -0.886627i; max ampl. = 0.2838
Outputting fields to point-h.k01.b07.z.te...
Fixing h-field (band 8) phase by -0.373502 + 0.927629i; max ampl. = 0.471577
Outputting fields to point-h.k01.b08.z.te...
Fixing h-field (band 9) phase by 0.557112 + 0.830438i; max ampl. = 0.378443
Outputting fields to point-h.k01.b09.z.te...
Fixing h-field (band 10) phase by 0.982499 + 0.186266i; max ampl. = 0.267577
Outputting fields to point-h.k01.b10.z.te...
Fixing h-field (band 11) phase by 0.188992 + 0.981979i; max ampl. = 0.305855
Outputting fields to point-h.k01.b11.z.te...
Fixing h-field (band 12) phase by -0.17968 + 0.983725i; max ampl. = 0.330146
Outputting fields to point-h.k01.b12.z.te...
Fixing h-field (band 13) phase by -0.14461 + -0.989489i; max ampl. = 0.27795
Outputting fields to point-h.k01.b13.z.te...
Fixing h-field (band 14) phase by 0.491244 + -0.871022i; max ampl. = 0.284381
Outputting fields to point-h.k01.b14.z.te...
Fixing h-field (band 15) phase by -0.86798 + -0.4966i; max ampl. = 0.390518
Outputting fields to point-h.k01.b15.z.te...
Fixing h-field (band 16) phase by 0.388623 + 0.921397i; max ampl. = 0.288558
Outputting fields to point-h.k01.b16.z.te...
Fixing h-field (band 17) phase by -0.713191 + 0.70097i; max ampl. = 0.326957
Outputting fields to point-h.k01.b17.z.te...
Fixing h-field (band 18) phase by -0.998345 + -0.0575084i; max ampl. = 0.320061
Outputting fields to point-h.k01.b18.z.te...
Fixing h-field (band 19) phase by -0.942512 + 0.334172i; max ampl. = 0.332272
Outputting fields to point-h.k01.b19.z.te...
Fixing h-field (band 20) phase by 0.697972 + 0.716125i; max ampl. = 0.609697
Outputting fields to point-h.k01.b20.z.te...
Fixing h-field (band 21) phase by -0.923561 + -0.383452i; max ampl. = 0.331872
Outputting fields to point-h.k01.b21.z.te...
Fixing h-field (band 22) phase by 0.948544 + -0.316646i; max ampl. = 0.31898
Outputting fields to point-h.k01.b22.z.te...
Fixing h-field (band 23) phase by 0.730225 + -0.683207i; max ampl. = 0.326774
Outputting fields to point-h.k01.b23.z.te...
Fixing h-field (band 24) phase by 0.97075 + -0.240092i; max ampl. = 0.305566
Outputting fields to point-h.k01.b24.z.te...
Fixing h-field (band 25) phase by 0.201868 + -0.979413i; max ampl. = 0.349736
Outputting fields to point-h.k01.b25.z.te...
Fixing h-field (band 26) phase by 0.426462 + 0.904505i; max ampl. = 0.348654
Outputting fields to point-h.k01.b26.z.te...
Fixing h-field (band 27) phase by 0.253202 + 0.967413i; max ampl. = 0.738514
Outputting fields to point-h.k01.b27.z.te...
Fixing h-field (band 28) phase by -0.999091 + 0.0426389i; max ampl. = 0.283649
Outputting fields to point-h.k01.b28.z.te...
Fixing h-field (band 29) phase by -0.119911 + 0.992785i; max ampl. = 0.351049
Outputting fields to point-h.k01.b29.z.te...
Fixing h-field (band 30) phase by -0.403529 + 0.914967i; max ampl. = 0.348473
Outputting fields to point-h.k01.b30.z.te...
Fixing h-field (band 31) phase by 0.940733 + 0.339148i; max ampl. = 0.294235
Outputting fields to point-h.k01.b31.z.te...
Fixing h-field (band 32) phase by 0.733339 + -0.679863i; max ampl. = 0.371865
Outputting fields to point-h.k01.b32.z.te...
Fixing h-field (band 33) phase by 0.995615 + 0.0935434i; max ampl. = 0.290893
Outputting fields to point-h.k01.b33.z.te...
Fixing h-field (band 34) phase by -0.998492 + 0.0548977i; max ampl. = 0.289775
Outputting fields to point-h.k01.b34.z.te...
Fixing h-field (band 35) phase by 0.914548 + 0.404478i; max ampl. = 0.269665
Outputting fields to point-h.k01.b35.z.te...
Fixing h-field (band 36) phase by 0.961267 + 0.275619i; max ampl. = 0.269576
Outputting fields to point-h.k01.b36.z.te...
Fixing h-field (band 37) phase by -0.705995 + 0.708217i; max ampl. = 0.549855
Outputting fields to point-h.k01.b37.z.te...
Fixing h-field (band 38) phase by 0.864036 + -0.50343i; max ampl. = 0.275161
Outputting fields to point-h.k01.b38.z.te...
Fixing h-field (band 39) phase by -0.887916 + 0.460006i; max ampl. = 0.273743
Outputting fields to point-h.k01.b39.z.te...
Fixing h-field (band 40) phase by -0.748474 + 0.663165i; max ampl. = 0.292399
Outputting fields to point-h.k01.b40.z.te...
Fixing h-field (band 41) phase by -0.460564 + 0.887626i; max ampl. = 0.303975
Outputting fields to point-h.k01.b41.z.te...
Fixing h-field (band 42) phase by 0.617497 + 0.786574i; max ampl. = 0.282788
Outputting fields to point-h.k01.b42.z.te...
Fixing h-field (band 43) phase by 0.366523 + -0.930409i; max ampl. = 0.335554
Outputting fields to point-h.k01.b43.z.te...
Fixing h-field (band 44) phase by 0.614574 + -0.788859i; max ampl. = 0.325196
Outputting fields to point-h.k01.b44.z.te...
Fixing h-field (band 45) phase by 0.0930651 + 0.99566i; max ampl. = 0.557629
Outputting fields to point-h.k01.b45.z.te...
Fixing h-field (band 46) phase by -0.945805 + -0.324734i; max ampl. = 0.341666
Outputting fields to point-h.k01.b46.z.te...
Fixing h-field (band 47) phase by -0.979327 + 0.202284i; max ampl. = 0.392698
Outputting fields to point-h.k01.b47.z.te...
Fixing h-field (band 48) phase by 0.998988 + -0.0449855i; max ampl. = 0.34957
Outputting fields to point-h.k01.b48.z.te...
Fixing h-field (band 49) phase by -0.851922 + 0.523669i; max ampl. = 0.943688
Outputting fields to point-h.k01.b49.z.te...
Fixing h-field (band 50) phase by 0.720345 + 0.693616i; max ampl. = 0.96918
Outputting fields to point-h.k01.b50.z.te...
Fixing h-field (band 51) phase by 0.313512 + -0.949584i; max ampl. = 0.206221
Outputting fields to point-h.k01.b51.z.te...
Fixing h-field (band 52) phase by -0.78098 + -0.624556i; max ampl. = 1.06703
Outputting fields to point-h.k01.b52.z.te...
Fixing h-field (band 53) phase by -0.487547 + 0.873097i; max ampl. = 0.626582
Outputting fields to point-h.k01.b53.z.te...
Fixing h-field (band 54) phase by 0.922039 + -0.387097i; max ampl. = 0.767708
Outputting fields to point-h.k01.b54.z.te...
Fixing h-field (band 55) phase by -0.484357 + 0.874871i; max ampl. = 0.646553
Outputting fields to point-h.k01.b55.z.te...
Fixing h-field (band 56) phase by -0.750736 + -0.660602i; max ampl. = 0.631408
Outputting fields to point-h.k01.b56.z.te...
Fixing h-field (band 57) phase by -0.0114604 + 0.999934i; max ampl. = 0.589823
Outputting fields to point-h.k01.b57.z.te...
Fixing h-field (band 58) phase by 0.821514 + 0.570189i; max ampl. = 0.778998
Outputting fields to point-h.k01.b58.z.te...
Fixing h-field (band 59) phase by -0.759895 + -0.650046i; max ampl. = 0.465312
Outputting fields to point-h.k01.b59.z.te...
Fixing h-field (band 60) phase by 0.978172 + 0.207797i; max ampl. = 0.485001
Outputting fields to point-h.k01.b60.z.te...
Fixing h-field (band 61) phase by -0.9581 + -0.286435i; max ampl. = 0.681161
Outputting fields to point-h.k01.b61.z.te...
Fixing h-field (band 62) phase by -0.897509 + -0.440995i; max ampl. = 0.695209
Outputting fields to point-h.k01.b62.z.te...
Fixing h-field (band 63) phase by 0.999986 + -0.00523865i; max ampl. = 0.630637
Outputting fields to point-h.k01.b63.z.te...
Fixing h-field (band 64) phase by -0.361819 + 0.932248i; max ampl. = 0.631754
Outputting fields to point-h.k01.b64.z.te...
Fixing h-field (band 65) phase by -0.959905 + 0.280325i; max ampl. = 0.720025
Outputting fields to point-h.k01.b65.z.te...
Fixing h-field (band 66) phase by 0.638792 + 0.769379i; max ampl. = 0.680922
Outputting fields to point-h.k01.b66.z.te...
Fixing h-field (band 67) phase by -0.999196 + 0.0400996i; max ampl. = 0.544612
Outputting fields to point-h.k01.b67.z.te...
Fixing h-field (band 68) phase by 0.983474 + -0.181051i; max ampl. = 0.525705
Outputting fields to point-h.k01.b68.z.te...
Fixing h-field (band 69) phase by -0.724819 + -0.688939i; max ampl. = 0.617773
Outputting fields to point-h.k01.b69.z.te...
Fixing h-field (band 70) phase by -0.950456 + 0.310859i; max ampl. = 0.800971
Outputting fields to point-h.k01.b70.z.te...
Fixing h-field (band 71) phase by 0.6352 + 0.772348i; max ampl. = 0.497452
Outputting fields to point-h.k01.b71.z.te...
Fixing h-field (band 72) phase by 0.345124 + -0.938557i; max ampl. = 0.569185
Outputting fields to point-h.k01.b72.z.te...
Fixing h-field (band 73) phase by 0.617746 + 0.786378i; max ampl. = 0.597114
Outputting fields to point-h.k01.b73.z.te...
Fixing h-field (band 74) phase by 0.33292 + 0.942955i; max ampl. = 0.729948
Outputting fields to point-h.k01.b74.z.te...
Fixing h-field (band 75) phase by -0.852301 + 0.523051i; max ampl. = 1.46314
Outputting fields to point-h.k01.b75.z.te...
Fixing h-field (band 76) phase by 0.237614 + 0.97136i; max ampl. = 0.832777
Outputting fields to point-h.k01.b76.z.te...
Fixing h-field (band 77) phase by -0.511714 + -0.859156i; max ampl. = 0.581027
Outputting fields to point-h.k01.b77.z.te...
Fixing h-field (band 78) phase by 0.197867 + -0.980229i; max ampl. = 0.684357
Outputting fields to point-h.k01.b78.z.te...
Fixing h-field (band 79) phase by 0.42119 + -0.906973i; max ampl. = 0.711839
Outputting fields to point-h.k01.b79.z.te...
Fixing h-field (band 80) phase by 0.953156 + -0.30248i; max ampl. = 0.777541
Outputting fields to point-h.k01.b80.z.te...
Fixing h-field (band 81) phase by 0.949418 + -0.314015i; max ampl. = 0.801692
Outputting fields to point-h.k01.b81.z.te...
Fixing h-field (band 82) phase by 0.981419 + 0.191877i; max ampl. = 0.727626
Outputting fields to point-h.k01.b82.z.te...
Fixing h-field (band 83) phase by 0.623859 + 0.781537i; max ampl. = 0.747605
Outputting fields to point-h.k01.b83.z.te...
Fixing h-field (band 84) phase by -0.34261 + 0.939478i; max ampl. = 0.753128
Outputting fields to point-h.k01.b84.z.te...
Fixing h-field (band 85) phase by -0.0172739 + -0.999851i; max ampl. = 0.628767
Outputting fields to point-h.k01.b85.z.te...
Fixing h-field (band 86) phase by -0.816085 + -0.577932i; max ampl. = 0.603848
Outputting fields to point-h.k01.b86.z.te...
Fixing h-field (band 87) phase by -0.994026 + 0.109147i; max ampl. = 0.692058
Outputting fields to point-h.k01.b87.z.te...
Fixing h-field (band 88) phase by 0.991187 + -0.132471i; max ampl. = 0.720869
Outputting fields to point-h.k01.b88.z.te...
Fixing h-field (band 89) phase by 0.733718 + 0.679454i; max ampl. = 0.619761
Outputting fields to point-h.k01.b89.z.te...
Fixing h-field (band 90) phase by 0.231497 + 0.972836i; max ampl. = 0.650354
Outputting fields to point-h.k01.b90.z.te...
Fixing h-field (band 91) phase by 0.986367 + 0.164561i; max ampl. = 1.04887
Outputting fields to point-h.k01.b91.z.te...
Fixing h-field (band 92) phase by 0.781819 + 0.623505i; max ampl. = 0.596395
Outputting fields to point-h.k01.b92.z.te...
Fixing h-field (band 93) phase by -0.965791 + 0.259323i; max ampl. = 0.74994
Outputting fields to point-h.k01.b93.z.te...
Fixing h-field (band 94) phase by -0.999924 + -0.0123376i; max ampl. = 0.604208
Outputting fields to point-h.k01.b94.z.te...
Fixing h-field (band 95) phase by 0.0509489 + -0.998701i; max ampl. = 1.10816
Outputting fields to point-h.k01.b95.z.te...
Fixing h-field (band 96) phase by 0.506155 + 0.862442i; max ampl. = 1.05357
Outputting fields to point-h.k01.b96.z.te...
Fixing h-field (band 97) phase by 0.819248 + 0.573439i; max ampl. = 0.579114
Outputting fields to point-h.k01.b97.z.te...
Fixing h-field (band 98) phase by -0.924825 + 0.380392i; max ampl. = 0.541386
Outputting fields to point-h.k01.b98.z.te...
Fixing h-field (band 99) phase by -0.999594 + -0.0284769i; max ampl. = 0.553805
Outputting fields to point-h.k01.b99.z.te...
Fixing h-field (band 100) phase by 0.502634 + -0.864499i; max ampl. = 0.770006
Outputting fields to point-h.k01.b100.z.te...
total elapsed time for run: 1 minute, 1 seconds.
done.
