init-params: initializing eigensolver data
Computing 100 bands with 1.000000e-07 tolerance.
Working in 2 dimensions.
Grid size is 112 x 112 x 1.
Solving for 10 bands at a time.
Creating Maxwell data...
Allocating fields...
Mesh size is 3.
Lattice vectors:
     (7, 0, 0)
     (0, 7, 0)
     (0, 0, 1)
Cell volume = 49
Reciprocal lattice vectors (/ 2 pi):
     (0.142857, -0, 0)
     (-0, 0.142857, -0)
     (0, -0, 1)
Geometric objects:
     block, center = (0,0,0)
          size (1e+20,1e+20,1e+20)
          axes (1,0,0), (0,1,0), (0,0,1)
          dielectric constant epsilon = 11.4
     cylinder, center = (0,0,0)
          radius 0.46, height 1e+20, axis (0, 0, 1)
          dielectric constant epsilon = 1
     cylinder, center = (1,0,0)
          radius 0.46, height 1e+20, axis (0, 0, 1)
          dielectric constant epsilon = 1
     cylinder, center = (2,0,0)
          radius 0.46, height 1e+20, axis (0, 0, 1)
          dielectric constant epsilon = 1
     cylinder, center = (-1,0,0)
          radius 0.46, height 1e+20, axis (0, 0, 1)
          dielectric constant epsilon = 1
     cylinder, center = (-2,0,0)
          radius 0.46, height 1e+20, axis (0, 0, 1)
          dielectric constant epsilon = 1
     cylinder, center = (3,0,0)
          radius 0.46, height 1e+20, axis (0, 0, 1)
          dielectric constant epsilon = 1
     cylinder, center = (-3,0,0)
          radius 0.46, height 1e+20, axis (0, 0, 1)
          dielectric constant epsilon = 1
     cylinder, center = (0,1,0)
          radius 0.46, height 1e+20, axis (0, 0, 1)
          dielectric constant epsilon = 1
     cylinder, center = (1,1,0)
          radius 0.46, height 1e+20, axis (0, 0, 1)
          dielectric constant epsilon = 1
     cylinder, center = (2,1,0)
          radius 0.46, height 1e+20, axis (0, 0, 1)
          dielectric constant epsilon = 1
     cylinder, center = (-1,1,0)
          radius 0.46, height 1e+20, axis (0, 0, 1)
          dielectric constant epsilon = 1
     cylinder, center = (-2,1,0)
          radius 0.46, height 1e+20, axis (0, 0, 1)
          dielectric constant epsilon = 1
     cylinder, center = (3,1,0)
          radius 0.46, height 1e+20, axis (0, 0, 1)
          dielectric constant epsilon = 1
     cylinder, center = (-3,1,0)
          radius 0.46, height 1e+20, axis (0, 0, 1)
          dielectric constant epsilon = 1
     cylinder, center = (0,2,0)
          radius 0.46, height 1e+20, axis (0, 0, 1)
          dielectric constant epsilon = 1
     cylinder, center = (1,2,0)
          radius 0.46, height 1e+20, axis (0, 0, 1)
          dielectric constant epsilon = 1
     cylinder, center = (2,2,0)
          radius 0.46, height 1e+20, axis (0, 0, 1)
          dielectric constant epsilon = 1
     cylinder, center = (-1,2,0)
          radius 0.46, height 1e+20, axis (0, 0, 1)
          dielectric constant epsilon = 1
     cylinder, center = (-2,2,0)
          radius 0.46, height 1e+20, axis (0, 0, 1)
          dielectric constant epsilon = 1
     cylinder, center = (3,2,0)
          radius 0.46, height 1e+20, axis (0, 0, 1)
          dielectric constant epsilon = 1
     cylinder, center = (-3,2,0)
          radius 0.46, height 1e+20, axis (0, 0, 1)
          dielectric constant epsilon = 1
     cylinder, center = (0,-1,0)
          radius 0.46, height 1e+20, axis (0, 0, 1)
          dielectric constant epsilon = 1
     cylinder, center = (1,-1,0)
          radius 0.46, height 1e+20, axis (0, 0, 1)
          dielectric constant epsilon = 1
     cylinder, center = (2,-1,0)
          radius 0.46, height 1e+20, axis (0, 0, 1)
          dielectric constant epsilon = 1
     cylinder, center = (-1,-1,0)
          radius 0.46, height 1e+20, axis (0, 0, 1)
          dielectric constant epsilon = 1
     cylinder, center = (-2,-1,0)
          radius 0.46, height 1e+20, axis (0, 0, 1)
          dielectric constant epsilon = 1
     cylinder, center = (3,-1,0)
          radius 0.46, height 1e+20, axis (0, 0, 1)
          dielectric constant epsilon = 1
     cylinder, center = (-3,-1,0)
          radius 0.46, height 1e+20, axis (0, 0, 1)
          dielectric constant epsilon = 1
     cylinder, center = (0,-2,0)
          radius 0.46, height 1e+20, axis (0, 0, 1)
          dielectric constant epsilon = 1
     cylinder, center = (1,-2,0)
          radius 0.46, height 1e+20, axis (0, 0, 1)
          dielectric constant epsilon = 1
     cylinder, center = (2,-2,0)
          radius 0.46, height 1e+20, axis (0, 0, 1)
          dielectric constant epsilon = 1
     cylinder, center = (-1,-2,0)
          radius 0.46, height 1e+20, axis (0, 0, 1)
          dielectric constant epsilon = 1
     cylinder, center = (-2,-2,0)
          radius 0.46, height 1e+20, axis (0, 0, 1)
          dielectric constant epsilon = 1
     cylinder, center = (-3,-2,0)
          radius 0.46, height 1e+20, axis (0, 0, 1)
          dielectric constant epsilon = 1
     cylinder, center = (3,-2,0)
          radius 0.46, height 1e+20, axis (0, 0, 1)
          dielectric constant epsilon = 1
     cylinder, center = (0,-3,0)
          radius 0.46, height 1e+20, axis (0, 0, 1)
          dielectric constant epsilon = 1
     cylinder, center = (1,-3,0)
          radius 0.46, height 1e+20, axis (0, 0, 1)
          dielectric constant epsilon = 1
     cylinder, center = (2,-3,0)
          radius 0.46, height 1e+20, axis (0, 0, 1)
          dielectric constant epsilon = 1
     cylinder, center = (-1,-3,0)
          radius 0.46, height 1e+20, axis (0, 0, 1)
          dielectric constant epsilon = 1
     cylinder, center = (-2,-3,0)
          radius 0.46, height 1e+20, axis (0, 0, 1)
          dielectric constant epsilon = 1
     cylinder, center = (3,-3,0)
          radius 0.46, height 1e+20, axis (0, 0, 1)
          dielectric constant epsilon = 1
     cylinder, center = (-3,-3,0)
          radius 0.46, height 1e+20, axis (0, 0, 1)
          dielectric constant epsilon = 1
     cylinder, center = (0,3,0)
          radius 0.46, height 1e+20, axis (0, 0, 1)
          dielectric constant epsilon = 1
     cylinder, center = (1,3,0)
          radius 0.46, height 1e+20, axis (0, 0, 1)
          dielectric constant epsilon = 1
     cylinder, center = (2,3,0)
          radius 0.46, height 1e+20, axis (0, 0, 1)
          dielectric constant epsilon = 1
     cylinder, center = (-1,3,0)
          radius 0.46, height 1e+20, axis (0, 0, 1)
          dielectric constant epsilon = 1
     cylinder, center = (-2,3,0)
          radius 0.46, height 1e+20, axis (0, 0, 1)
          dielectric constant epsilon = 1
     cylinder, center = (-3,3,0)
          radius 0.46, height 1e+20, axis (0, 0, 1)
          dielectric constant epsilon = 1
     cylinder, center = (3,3,0)
          radius 0.46, height 1e+20, axis (0, 0, 1)
          dielectric constant epsilon = 1
     cylinder, center = (0,0,0)
          radius 0.46, height 1e+20, axis (0, 0, 1)
          dielectric constant epsilon = 11.4
Geometric object tree has depth 8 and 523 object nodes (vs. 51 actual objects)
Initializing dielectric function...
1 k-points:
     (0.5,0.5,0)
Solving for band polarization: te.
Initializing fields to random numbers...
elapsed time for initialization: 0 seconds.
epsilon: 1-11.4, mean 4.62755, harm. mean 1.61999, 47.5765% > 1, 34.8803% "fill"
Outputting point-epsilon...
solve_kpoint (0.5,0.5,0):
tefreqs:, k index, k1, k2, k3, kmag/2pi, te band 1, te band 2, te band 3, te band 4, te band 5, te band 6, te band 7, te band 8, te band 9, te band 10, te band 11, te band 12, te band 13, te band 14, te band 15, te band 16, te band 17, te band 18, te band 19, te band 20, te band 21, te band 22, te band 23, te band 24, te band 25, te band 26, te band 27, te band 28, te band 29, te band 30, te band 31, te band 32, te band 33, te band 34, te band 35, te band 36, te band 37, te band 38, te band 39, te band 40, te band 41, te band 42, te band 43, te band 44, te band 45, te band 46, te band 47, te band 48, te band 49, te band 50, te band 51, te band 52, te band 53, te band 54, te band 55, te band 56, te band 57, te band 58, te band 59, te band 60, te band 61, te band 62, te band 63, te band 64, te band 65, te band 66, te band 67, te band 68, te band 69, te band 70, te band 71, te band 72, te band 73, te band 74, te band 75, te band 76, te band 77, te band 78, te band 79, te band 80, te band 81, te band 82, te band 83, te band 84, te band 85, te band 86, te band 87, te band 88, te band 89, te band 90, te band 91, te band 92, te band 93, te band 94, te band 95, te band 96, te band 97, te band 98, te band 99, te band 100
Solving for bands 1 to 10...
    iteration    8: trace = 0.1093350201481343 (0.077149% change)
    iteration   16: trace = 0.1089055376933543 (0.0624178% change)
    iteration   25: trace = 0.1088090719454881 (0.00113234% change)
    iteration   32: trace = 0.1088046681961261 (2.8e-05% change)
    iteration   40: trace = 0.108804416547428 (1.28499e-05% change)
Finished solving for bands 1 to 10 after 42 iterations.
Solving for bands 11 to 20...
    iteration    7: trace = 0.2990884318601879 (0.609178% change)
    iteration   15: trace = 0.2953236590897436 (0.0650869% change)
    iteration   23: trace = 0.2948437353734803 (0.00251314% change)
    iteration   31: trace = 0.2948279762117414 (6.53481e-05% change)
Finished solving for bands 11 to 20 after 37 iterations.
Solving for bands 21 to 30...
    iteration    7: trace = 0.4665105441074283 (0.785063% change)
    iteration   14: trace = 0.4598148280333327 (0.0642599% change)
    iteration   21: trace = 0.4593487978311462 (0.00233345% change)
    iteration   28: trace = 0.4592862271304308 (0.00160499% change)
    iteration   35: trace = 0.4592206457124215 (0.00138033% change)
    iteration   42: trace = 0.459197620462228 (0.000819946% change)
    iteration   49: trace = 0.4591729976575831 (0.000781271% change)
    iteration   56: trace = 0.459166036996104 (0.00013014% change)
    iteration   63: trace = 0.459161872462704 (0.000101938% change)
    iteration   70: trace = 0.4591606151129137 (5.0321e-06% change)
Finished solving for bands 21 to 30 after 70 iterations.
Solving for bands 31 to 40...
    iteration    7: trace = 0.6098729612486512 (1.05194% change)
    iteration   14: trace = 0.593308482115672 (0.130888% change)
    iteration   21: trace = 0.5921858007167019 (0.00303047% change)
    iteration   28: trace = 0.5921612836138468 (4.33788e-05% change)
Finished solving for bands 31 to 40 after 31 iterations.
Solving for bands 41 to 50...
    iteration    6: trace = 0.9036855200646818 (3.73439% change)
    iteration   12: trace = 0.8520160599284624 (0.134061% change)
    iteration   18: trace = 0.8507506823894102 (0.00491045% change)
    iteration   24: trace = 0.8506646065403373 (0.00161589% change)
    iteration   30: trace = 0.8505553128985389 (0.00289773% change)
    iteration   36: trace = 0.850489429223051 (0.000144969% change)
    iteration   42: trace = 0.8504871239144761 (5.37568e-05% change)
    iteration   48: trace = 0.8504822031516731 (6.20697e-05% change)
Finished solving for bands 41 to 50 after 52 iterations.
Solving for bands 51 to 60...
    iteration    6: trace = 1.321111855956212 (1.97764% change)
    iteration   12: trace = 1.255830634446862 (0.496142% change)
    iteration   18: trace = 1.243659283093513 (0.0510602% change)
    iteration   24: trace = 1.242414580676608 (0.00507482% change)
    iteration   30: trace = 1.242305339001086 (0.000393851% change)
    iteration   36: trace = 1.242296565052816 (3.86083e-05% change)
    iteration   42: trace = 1.242294341770161 (2.413e-05% change)
Finished solving for bands 51 to 60 after 47 iterations.
Solving for bands 61 to 70...
    iteration    5: trace = 1.480927475212258 (3.70856% change)
    iteration   11: trace = 1.42686423313594 (0.135098% change)
    iteration   17: trace = 1.416041987118876 (0.0958475% change)
    iteration   23: trace = 1.411915796481015 (0.0357671% change)
    iteration   29: trace = 1.409931477199094 (0.0167656% change)
    iteration   35: trace = 1.409103903945437 (0.00679045% change)
    iteration   41: trace = 1.408716313397657 (0.00265903% change)
    iteration   47: trace = 1.408603078864415 (0.000875227% change)
    iteration   53: trace = 1.408558103584106 (0.000350928% change)
    iteration   59: trace = 1.408524570351377 (0.000504879% change)
    iteration   65: trace = 1.408482028226186 (0.000546091% change)
    iteration   71: trace = 1.408432675801443 (0.000476333% change)
    iteration   77: trace = 1.408397663570433 (0.000298244% change)
    iteration   83: trace = 1.408379913774873 (0.000165248% change)
    iteration   89: trace = 1.408364929415063 (0.000204936% change)
    iteration   95: trace = 1.408346722674856 (0.000201668% change)
    iteration  101: trace = 1.408330815972558 (0.000115378% change)
    iteration  107: trace = 1.40832512097397 (5.23876e-05% change)
    iteration  113: trace = 1.408321849041082 (2.84988e-05% change)
    iteration  119: trace = 1.408319647183504 (2.15488e-05% change)
    iteration  125: trace = 1.408318299546565 (1.17985e-05% change)
Finished solving for bands 61 to 70 after 126 iterations.
Solving for bands 71 to 80...
    iteration    5: trace = 1.552160258197251 (5.51583% change)
    iteration   10: trace = 1.472044261166577 (0.45304% change)
    iteration   15: trace = 1.463882382142922 (0.0535909% change)
    iteration   21: trace = 1.461050958215112 (0.0190076% change)
    iteration   26: trace = 1.460013339905826 (0.0134569% change)
    iteration   31: trace = 1.459111486206818 (0.00869233% change)
    iteration   36: trace = 1.458818568723824 (0.0023492% change)
    iteration   41: trace = 1.458608404865926 (0.00318089% change)
    iteration   46: trace = 1.458434687348719 (0.00160813% change)
    iteration   51: trace = 1.458345069654813 (0.00121162% change)
    iteration   56: trace = 1.458259334008598 (0.00153416% change)
    iteration   61: trace = 1.458164327741183 (0.00119975% change)
    iteration   66: trace = 1.458101972956079 (0.00105561% change)
    iteration   71: trace = 1.458033806211137 (0.000581752% change)
    iteration   76: trace = 1.458003775692353 (0.000342989% change)
    iteration   82: trace = 1.457969411135225 (0.000309604% change)
    iteration   87: trace = 1.457953680390524 (0.000172798% change)
    iteration   92: trace = 1.457945096300508 (0.000119004% change)
    iteration   98: trace = 1.457934803477694 (0.00010366% change)
    iteration  104: trace = 1.457930348670108 (4.36664e-05% change)
    iteration  109: trace = 1.457924042008551 (8.67217e-05% change)
    iteration  114: trace = 1.45792045737506 (3.78319e-05% change)
    iteration  119: trace = 1.457918286986493 (3.05523e-05% change)
    iteration  124: trace = 1.457916485249383 (2.62547e-05% change)
    iteration  129: trace = 1.457915292060121 (8.36654e-06% change)
Finished solving for bands 71 to 80 after 129 iterations.
Solving for bands 81 to 90...
    iteration    5: trace = 1.736998106730902 (9.08092% change)
    iteration   10: trace = 1.592693202549713 (0.402066% change)
    iteration   15: trace = 1.577819646241791 (0.102466% change)
    iteration   20: trace = 1.571359668392251 (0.0635076% change)
    iteration   25: trace = 1.568770641061391 (0.0210508% change)
    iteration   30: trace = 1.567754537733259 (0.00868315% change)
    iteration   35: trace = 1.567360319942554 (0.00236552% change)
    iteration   40: trace = 1.567254992214375 (0.000892421% change)
    iteration   45: trace = 1.567215108123466 (0.000278535% change)
    iteration   50: trace = 1.567200447509729 (0.00012594% change)
    iteration   55: trace = 1.567195559126288 (3.3317e-05% change)
    iteration   60: trace = 1.567194344300265 (8.01813e-06% change)
Finished solving for bands 81 to 90 after 60 iterations.
Solving for bands 91 to 100...
    iteration    5: trace = 2.068028874280476 (9.21903% change)
    iteration   10: trace = 1.783156398687811 (0.50831% change)
    iteration   15: trace = 1.765367188847233 (0.110334% change)
    iteration   20: trace = 1.763043545021677 (0.0114709% change)
    iteration   25: trace = 1.762496710376505 (0.00503043% change)
    iteration   30: trace = 1.762164042348945 (0.00347869% change)
    iteration   35: trace = 1.7618845828923 (0.00230696% change)
    iteration   40: trace = 1.761705144917113 (0.00158653% change)
    iteration   45: trace = 1.761639378531361 (0.000479258% change)
    iteration   50: trace = 1.761615454710369 (0.000124327% change)
    iteration   55: trace = 1.761606323832443 (8.95374e-05% change)
    iteration   60: trace = 1.76160085226908 (3.8887e-05% change)
Finished solving for bands 91 to 100 after 63 iterations.
Finished k-point with 65.7 mean iterations/band.
tefreqs:, 1, 0.5, 0.5, 0, 0.101015, 0.0569095, 0.0569104, 0.0584548, 0.0585227, 0.122427, 0.122428, 0.126834, 0.12753, 0.128739, 0.128777, 0.12877, 0.128774, 0.168853, 0.168853, 0.169901, 0.173601, 0.188115, 0.190541, 0.19228, 0.192282, 0.197177, 0.197211, 0.197213, 0.197237, 0.216143, 0.222837, 0.222837, 0.225677, 0.230624, 0.231185, 0.231181, 0.231226, 0.231615, 0.23204, 0.232448, 0.232451, 0.255765, 0.260447, 0.260449, 0.261945, 0.272438, 0.272439, 0.274289, 0.278897, 0.291573, 0.291574, 0.300062, 0.309746, 0.310226, 0.311075, 0.311075, 0.332562, 0.355209, 0.355881, 0.356166, 0.358131, 0.358132, 0.363123, 0.365062, 0.36552, 0.36552, 0.373612, 0.373739, 0.374295, 0.374295, 0.376514, 0.377425, 0.377425, 0.379755, 0.37997, 0.380254, 0.380256, 0.380519, 0.381238, 0.381853, 0.381854, 0.382959, 0.383047, 0.383132, 0.383136, 0.383327, 0.38377, 0.384499, 0.384499, 0.393478, 0.403551, 0.403551, 0.404286, 0.40744, 0.409037, 0.411742, 0.411743, 0.413951, 0.414759, 0.414772, 0.414772, 0.421827, 0.426884, 0.432302, 0.433625
elapsed time for k point: 1 minute, 1 seconds.
Fixing h-field (band 1) phase by 0.506245 + -0.86239i; max ampl. = 0.201041
Outputting fields to point-h.k01.b01.z.te...
Fixing h-field (band 2) phase by -0.588443 + 0.808539i; max ampl. = 0.205045
Outputting fields to point-h.k01.b02.z.te...
Fixing h-field (band 3) phase by 0.974315 + 0.22519i; max ampl. = 0.310606
Outputting fields to point-h.k01.b03.z.te...
Fixing h-field (band 4) phase by -0.0711486 + -0.997466i; max ampl. = 0.285711
Outputting fields to point-h.k01.b04.z.te...
Fixing h-field (band 5) phase by 0.257798 + -0.966199i; max ampl. = 0.359778
Outputting fields to point-h.k01.b05.z.te...
Fixing h-field (band 6) phase by -0.444417 + -0.89582i; max ampl. = 0.359275
Outputting fields to point-h.k01.b06.z.te...
Fixing h-field (band 7) phase by -0.995886 + -0.0906191i; max ampl. = 0.628292
Outputting fields to point-h.k01.b07.z.te...
Fixing h-field (band 8) phase by 0.942323 + -0.334706i; max ampl. = 0.284481
Outputting fields to point-h.k01.b08.z.te...
Fixing h-field (band 9) phase by 0.801056 + -0.598589i; max ampl. = 0.378532
Outputting fields to point-h.k01.b09.z.te...
Fixing h-field (band 10) phase by -0.50042 + -0.865783i; max ampl. = 0.271559
Outputting fields to point-h.k01.b10.z.te...
Fixing h-field (band 11) phase by -0.80186 + -0.597512i; max ampl. = 0.312012
Outputting fields to point-h.k01.b11.z.te...
Fixing h-field (band 12) phase by -0.998601 + 0.0528826i; max ampl. = 0.299484
Outputting fields to point-h.k01.b12.z.te...
Fixing h-field (band 13) phase by 0.827716 + 0.561148i; max ampl. = 0.328402
Outputting fields to point-h.k01.b13.z.te...
Fixing h-field (band 14) phase by 0.881592 + -0.472013i; max ampl. = 0.333883
Outputting fields to point-h.k01.b14.z.te...
Fixing h-field (band 15) phase by -0.579128 + 0.815237i; max ampl. = 0.772501
Outputting fields to point-h.k01.b15.z.te...
Fixing h-field (band 16) phase by -0.78601 + 0.618214i; max ampl. = 0.288252
Outputting fields to point-h.k01.b16.z.te...
Fixing h-field (band 17) phase by -0.200324 + -0.97973i; max ampl. = 0.897522
Outputting fields to point-h.k01.b17.z.te...
Fixing h-field (band 18) phase by -0.679404 + 0.733764i; max ampl. = 0.363942
Outputting fields to point-h.k01.b18.z.te...
Fixing h-field (band 19) phase by 0.832256 + -0.554391i; max ampl. = 0.343057
Outputting fields to point-h.k01.b19.z.te...
Fixing h-field (band 20) phase by -0.294515 + 0.955647i; max ampl. = 0.342828
Outputting fields to point-h.k01.b20.z.te...
Fixing h-field (band 21) phase by 0.869853 + 0.493311i; max ampl. = 0.324876
Outputting fields to point-h.k01.b21.z.te...
Fixing h-field (band 22) phase by -0.895442 + -0.445178i; max ampl. = 0.266038
Outputting fields to point-h.k01.b22.z.te...
Fixing h-field (band 23) phase by -0.819445 + 0.573157i; max ampl. = 0.333137
Outputting fields to point-h.k01.b23.z.te...
Fixing h-field (band 24) phase by 0.104049 + 0.994572i; max ampl. = 0.310541
Outputting fields to point-h.k01.b24.z.te...
Fixing h-field (band 25) phase by -0.407145 + 0.913364i; max ampl. = 0.825916
Outputting fields to point-h.k01.b25.z.te...
Fixing h-field (band 26) phase by -0.337699 + -0.941254i; max ampl. = 0.463757
Outputting fields to point-h.k01.b26.z.te...
Fixing h-field (band 27) phase by 0.999111 + 0.0421545i; max ampl. = 0.468407
Outputting fields to point-h.k01.b27.z.te...
Fixing h-field (band 28) phase by 0.0959481 + 0.995386i; max ampl. = 0.307392
Outputting fields to point-h.k01.b28.z.te...
Fixing h-field (band 29) phase by 0.565244 + 0.824923i; max ampl. = 0.351922
Outputting fields to point-h.k01.b29.z.te...
Fixing h-field (band 30) phase by -0.856692 + -0.515829i; max ampl. = 0.347215
Outputting fields to point-h.k01.b30.z.te...
Fixing h-field (band 31) phase by 0.699373 + 0.714756i; max ampl. = 0.331375
Outputting fields to point-h.k01.b31.z.te...
Fixing h-field (band 32) phase by 0.92476 + 0.380551i; max ampl. = 0.312611
Outputting fields to point-h.k01.b32.z.te...
Fixing h-field (band 33) phase by 0.00508013 + 0.999987i; max ampl. = 0.393707
Outputting fields to point-h.k01.b33.z.te...
Fixing h-field (band 34) phase by -0.200768 + 0.979639i; max ampl. = 0.303631
Outputting fields to point-h.k01.b34.z.te...
Fixing h-field (band 35) phase by -0.498043 + -0.867153i; max ampl. = 0.254635
Outputting fields to point-h.k01.b35.z.te...
Fixing h-field (band 36) phase by 0.301497 + 0.953467i; max ampl. = 0.254548
Outputting fields to point-h.k01.b36.z.te...
Fixing h-field (band 37) phase by -0.995339 + 0.0964422i; max ampl. = 0.568759
Outputting fields to point-h.k01.b37.z.te...
Fixing h-field (band 38) phase by -0.852823 + 0.522201i; max ampl. = 0.487851
Outputting fields to point-h.k01.b38.z.te...
Fixing h-field (band 39) phase by 0.635287 + 0.772276i; max ampl. = 0.487643
Outputting fields to point-h.k01.b39.z.te...
Fixing h-field (band 40) phase by -0.919769 + 0.392461i; max ampl. = 0.266656
Outputting fields to point-h.k01.b40.z.te...
Fixing h-field (band 41) phase by 0.539699 + 0.841858i; max ampl. = 0.546174
Outputting fields to point-h.k01.b41.z.te...
Fixing h-field (band 42) phase by 0.921983 + -0.387229i; max ampl. = 0.360349
Outputting fields to point-h.k01.b42.z.te...
Fixing h-field (band 43) phase by -0.804094 + -0.594502i; max ampl. = 0.35948
Outputting fields to point-h.k01.b43.z.te...
Fixing h-field (band 44) phase by 0.995861 + 0.0908924i; max ampl. = 0.340358
Outputting fields to point-h.k01.b44.z.te...
Fixing h-field (band 45) phase by 0.928193 + 0.372099i; max ampl. = 0.964448
Outputting fields to point-h.k01.b45.z.te...
Fixing h-field (band 46) phase by 0.725815 + -0.68789i; max ampl. = 0.976589
Outputting fields to point-h.k01.b46.z.te...
Fixing h-field (band 47) phase by 0.462416 + 0.886663i; max ampl. = 0.575006
Outputting fields to point-h.k01.b47.z.te...
Fixing h-field (band 48) phase by -0.611168 + -0.791501i; max ampl. = 0.332791
Outputting fields to point-h.k01.b48.z.te...
Fixing h-field (band 49) phase by 0.620919 + 0.783874i; max ampl. = 1.34828
Outputting fields to point-h.k01.b49.z.te...
Fixing h-field (band 50) phase by -0.0443917 + -0.999014i; max ampl. = 0.306702
Outputting fields to point-h.k01.b50.z.te...
Fixing h-field (band 51) phase by -0.461957 + -0.886902i; max ampl. = 0.304912
Outputting fields to point-h.k01.b51.z.te...
Fixing h-field (band 52) phase by -0.998771 + 0.0495707i; max ampl. = 0.494187
Outputting fields to point-h.k01.b52.z.te...
Fixing h-field (band 53) phase by -0.778411 + -0.627756i; max ampl. = 1.10623
Outputting fields to point-h.k01.b53.z.te...
Fixing h-field (band 54) phase by 0.341824 + -0.939764i; max ampl. = 0.685458
Outputting fields to point-h.k01.b54.z.te...
Fixing h-field (band 55) phase by 0.855873 + 0.517186i; max ampl. = 0.670129
Outputting fields to point-h.k01.b55.z.te...
Fixing h-field (band 56) phase by -0.889473 + -0.456987i; max ampl. = 0.835662
Outputting fields to point-h.k01.b56.z.te...
Fixing h-field (band 57) phase by 0.898286 + -0.439411i; max ampl. = 0.730744
Outputting fields to point-h.k01.b57.z.te...
Fixing h-field (band 58) phase by 0.932306 + 0.361669i; max ampl. = 0.796593
Outputting fields to point-h.k01.b58.z.te...
Fixing h-field (band 59) phase by 0.715856 + -0.698248i; max ampl. = 0.907356
Outputting fields to point-h.k01.b59.z.te...
Fixing h-field (band 60) phase by 0.0666739 + 0.997775i; max ampl. = 0.718849
Outputting fields to point-h.k01.b60.z.te...
Fixing h-field (band 61) phase by -0.590398 + 0.807112i; max ampl. = 0.872221
Outputting fields to point-h.k01.b61.z.te...
Fixing h-field (band 62) phase by 0.160805 + -0.986986i; max ampl. = 0.796588
Outputting fields to point-h.k01.b62.z.te...
Fixing h-field (band 63) phase by 0.746959 + 0.664871i; max ampl. = 0.910212
Outputting fields to point-h.k01.b63.z.te...
Fixing h-field (band 64) phase by -0.728534 + 0.68501i; max ampl. = 0.91343
Outputting fields to point-h.k01.b64.z.te...
Fixing h-field (band 65) phase by -0.217453 + -0.976071i; max ampl. = 0.93451
Outputting fields to point-h.k01.b65.z.te...
Fixing h-field (band 66) phase by -0.959666 + 0.281142i; max ampl. = 1.11788
Outputting fields to point-h.k01.b66.z.te...
Fixing h-field (band 67) phase by -0.59576 + -0.803162i; max ampl. = 1.34942
Outputting fields to point-h.k01.b67.z.te...
Fixing h-field (band 68) phase by -0.994759 + -0.102245i; max ampl. = 1.4931
Outputting fields to point-h.k01.b68.z.te...
Fixing h-field (band 69) phase by 0.988623 + 0.150412i; max ampl. = 0.953773
Outputting fields to point-h.k01.b69.z.te...
Fixing h-field (band 70) phase by 0.987072 + 0.160274i; max ampl. = 0.750642
Outputting fields to point-h.k01.b70.z.te...
Fixing h-field (band 71) phase by 0.708894 + -0.705315i; max ampl. = 0.756661
Outputting fields to point-h.k01.b71.z.te...
Fixing h-field (band 72) phase by -0.0924281 + -0.995719i; max ampl. = 0.947663
Outputting fields to point-h.k01.b72.z.te...
Fixing h-field (band 73) phase by -0.636622 + -0.771176i; max ampl. = 0.916179
Outputting fields to point-h.k01.b73.z.te...
Fixing h-field (band 74) phase by -0.871783 + 0.489893i; max ampl. = 1.43129
Outputting fields to point-h.k01.b74.z.te...
Fixing h-field (band 75) phase by 0.860691 + -0.509128i; max ampl. = 0.903911
Outputting fields to point-h.k01.b75.z.te...
Fixing h-field (band 76) phase by 0.975537 + -0.219835i; max ampl. = 0.723462
Outputting fields to point-h.k01.b76.z.te...
Fixing h-field (band 77) phase by 0.255466 + -0.966818i; max ampl. = 1.03496
Outputting fields to point-h.k01.b77.z.te...
Fixing h-field (band 78) phase by 0.498778 + 0.86673i; max ampl. = 1.1312
Outputting fields to point-h.k01.b78.z.te...
Fixing h-field (band 79) phase by -0.994953 + 0.100339i; max ampl. = 1.239
Outputting fields to point-h.k01.b79.z.te...
Fixing h-field (band 80) phase by 0.0773864 + -0.997001i; max ampl. = 1.30085
Outputting fields to point-h.k01.b80.z.te...
Fixing h-field (band 81) phase by 0.563248 + -0.826288i; max ampl. = 1.66136
Outputting fields to point-h.k01.b81.z.te...
Fixing h-field (band 82) phase by -0.240855 + -0.970561i; max ampl. = 0.98995
Outputting fields to point-h.k01.b82.z.te...
Fixing h-field (band 83) phase by -0.894815 + -0.446437i; max ampl. = 0.890191
Outputting fields to point-h.k01.b83.z.te...
Fixing h-field (band 84) phase by 0.0578626 + 0.998325i; max ampl. = 0.869026
Outputting fields to point-h.k01.b84.z.te...
Fixing h-field (band 85) phase by 0.614507 + -0.788912i; max ampl. = 0.785049
Outputting fields to point-h.k01.b85.z.te...
Fixing h-field (band 86) phase by -0.885019 + 0.465555i; max ampl. = 1.03102
Outputting fields to point-h.k01.b86.z.te...
Fixing h-field (band 87) phase by 0.607497 + 0.794322i; max ampl. = 1.0289
Outputting fields to point-h.k01.b87.z.te...
Fixing h-field (band 88) phase by 0.995892 + -0.0905444i; max ampl. = 0.839018
Outputting fields to point-h.k01.b88.z.te...
Fixing h-field (band 89) phase by 0.408514 + 0.912752i; max ampl. = 1.0555
Outputting fields to point-h.k01.b89.z.te...
Fixing h-field (band 90) phase by 0.0743516 + -0.997232i; max ampl. = 1.05164
Outputting fields to point-h.k01.b90.z.te...
Fixing h-field (band 91) phase by -0.34859 + -0.937275i; max ampl. = 1.01381
Outputting fields to point-h.k01.b91.z.te...
Fixing h-field (band 92) phase by -0.452751 + -0.891637i; max ampl. = 1.03863
Outputting fields to point-h.k01.b92.z.te...
Fixing h-field (band 93) phase by 0.453604 + -0.891203i; max ampl. = 1.51847
Outputting fields to point-h.k01.b93.z.te...
Fixing h-field (band 94) phase by 0.194199 + 0.980962i; max ampl. = 0.825868
Outputting fields to point-h.k01.b94.z.te...
Fixing h-field (band 95) phase by -0.836237 + 0.548367i; max ampl. = 0.886137
Outputting fields to point-h.k01.b95.z.te...
Fixing h-field (band 96) phase by 0.363791 + -0.931481i; max ampl. = 1.12937
Outputting fields to point-h.k01.b96.z.te...
Fixing h-field (band 97) phase by 0.863821 + 0.503798i; max ampl. = 1.15859
Outputting fields to point-h.k01.b97.z.te...
Fixing h-field (band 98) phase by -0.669967 + 0.742391i; max ampl. = 0.673938
Outputting fields to point-h.k01.b98.z.te...
Fixing h-field (band 99) phase by -0.910862 + 0.41271i; max ampl. = 1.08031
Outputting fields to point-h.k01.b99.z.te...
Fixing h-field (band 100) phase by -0.00986104 + -0.999951i; max ampl. = 0.850936
Outputting fields to point-h.k01.b100.z.te...
total elapsed time for run: 1 minute, 2 seconds.
done.
