-----------
Initializing structure...
Working in 2D dimensions.
Computational cell is 12.4 x 6 x 0 with resolution 20
     block, center = (0,0,0)
          size (1e+20,1.2,1e+20)
          axes (1,0,0), (0,1,0), (0,0,1)
          dielectric constant epsilon diagonal = (13,13,13)
     cylinder, center = (2.7,0,0)
          radius 0.36, height 1e+20, axis (0, 0, 1)
          dielectric constant epsilon diagonal = (1,1,1)
     cylinder, center = (1.7,0,0)
          radius 0.36, height 1e+20, axis (0, 0, 1)
          dielectric constant epsilon diagonal = (1,1,1)
     cylinder, center = (0.7,0,0)
          radius 0.36, height 1e+20, axis (0, 0, 1)
          dielectric constant epsilon diagonal = (1,1,1)
     cylinder, center = (-2.7,0,0)
          radius 0.36, height 1e+20, axis (0, 0, 1)
          dielectric constant epsilon diagonal = (1,1,1)
     cylinder, center = (-1.7,0,0)
          radius 0.36, height 1e+20, axis (0, 0, 1)
          dielectric constant epsilon diagonal = (1,1,1)
     cylinder, center = (-0.7,0,0)
          radius 0.36, height 1e+20, axis (0, 0, 1)
          dielectric constant epsilon diagonal = (1,1,1)
     block, center = (0,0,0)
          size (0.5,0.7,1e+20)
          axes (1,0,0), (0,1,0), (0,0,1)
          dielectric constant epsilon diagonal = (15,15,15)
Halving computational cell along direction y
time for set_epsilon = 0.0631919 s
-----------
creating output file "./holey-hz-slice.h5"...
creating output file "./holey-eps-000000.00.h5"...
field decay(t = 50.025000000000006): 3.60835669753732e-5 / 3.60835669753732e-5 = 1.0
field decay(t = 100.05000000000001): 5.7887431956361234e-5 / 5.7887431956361234e-5 = 1.0
field decay(t = 150.07500000000002): 1.3011247722238984e-5 / 5.7887431956361234e-5 = 0.22476809356558752
field decay(t = 200.10000000000002): 6.4694094612652295e-6 / 5.7887431956361234e-5 = 0.11175844639544953
field decay(t = 250.125): 4.826579669855856e-6 / 5.7887431956361234e-5 = 0.08337871463177707
on time step 10755 (time=268.875), 0.000371929 s/step
field decay(t = 300.15000000000003): 3.8684752066125034e-6 / 5.7887431956361234e-5 = 0.06682754919114006
field decay(t = 350.175): 3.0766182132654786e-6 / 5.7887431956361234e-5 = 0.05314829332185274
field decay(t = 400.20000000000005): 2.5209968001233076e-6 / 5.7887431956361234e-5 = 0.04354998511635091
field decay(t = 450.225): 2.051377900502165e-6 / 5.7887431956361234e-5 = 0.035437362328468947
field decay(t = 500.25): 1.6668051109497232e-6 / 5.7887431956361234e-5 = 0.02879390317757149
field decay(t = 550.275): 1.3560139412774466e-6 / 5.7887431956361234e-5 = 0.023425014643933165
field decay(t = 600.3000000000001): 1.1027236463810651e-6 / 5.7887431956361234e-5 = 0.01904944837097558
on time step 24720 (time=618), 0.000286435 s/step
field decay(t = 650.325): 8.970099366244013e-7 / 5.7887431956361234e-5 = 0.01549576317879531
field decay(t = 700.35): 7.295429441453321e-7 / 5.7887431956361234e-5 = 0.012602786468318411
field decay(t = 750.375): 5.932920575434035e-7 / 5.7887431956361234e-5 = 0.010249065081875805
field decay(t = 800.4000000000001): 4.826071304113086e-7 / 5.7887431956361234e-5 = 0.00833699326608796
field decay(t = 850.4250000000001): 3.9140308427424686e-7 / 5.7887431956361234e-5 = 0.006761451856584487
field decay(t = 900.45): 3.1638030529398346e-7 / 5.7887431956361234e-5 = 0.005465440331374322
field decay(t = 950.475): 2.5723793769048636e-7 / 5.7887431956361234e-5 = 0.004443761434855266
on time step 38781 (time=969.525), 0.000284494 s/step
field decay(t = 1000.5): 2.092736775626286e-7 / 5.7887431956361234e-5 = 0.003615183304735141
field decay(t = 1050.525): 1.7017596511080939e-7 / 5.7887431956361234e-5 = 0.002939773960591264
field decay(t = 1100.55): 1.3842076635556698e-7 / 5.7887431956361234e-5 = 0.0023912058572561354
field decay(t = 1150.575): 1.1258525240196621e-7 / 5.7887431956361234e-5 = 0.0019448997579792318
field decay(t = 1200.6000000000001): 9.155350376392558e-8 / 5.7887431956361234e-5 = 0.0015815782574867669
field decay(t = 1250.625): 7.447841418135119e-8 / 5.7887431956361234e-5 = 0.0012866076739679376
field decay(t = 1300.65): 6.055949783146032e-8 / 5.7887431956361234e-5 = 0.0010461596893279604
on time step 52854 (time=1321.35), 0.000284235 s/step
field decay(t = 1350.6750000000002): 4.926117441635464e-8 / 5.7887431956361234e-5 = 8.509822037621301e-4
run 0 finished at t = 1350.6750000000002 (54027 timesteps)
flux1:, 0.15, 2.7974060731819516e-6
flux1:, 0.1504008016032064, 3.3372752176951235e-6
flux1:, 0.1508016032064128, 3.070958141474544e-6
flux1:, 0.15120240480961922, 3.856345714562455e-6
flux1:, 0.15160320641282563, 3.4006783199344905e-6
flux1:, 0.15200400801603203, 4.4444827452572794e-6
flux1:, 0.15240480961923844, 3.8064036053931782e-6
flux1:, 0.15280561122244485, 5.111895166264043e-6
flux1:, 0.15320641282565126, 4.312549362810254e-6
flux1:, 0.15360721442885766, 5.8718738149524535e-6
flux1:, 0.15400801603206407, 4.948946134086898e-6
flux1:, 0.15440881763527048, 6.742114028381282e-6
flux1:, 0.1548096192384769, 5.751919352645182e-6
flux1:, 0.1552104208416833, 7.746474037414928e-6
flux1:, 0.1556112224448897, 6.765703690741889e-6
flux1:, 0.1560120240480961, 8.917273774294926e-6
flux1:, 0.15641282565130252, 8.044315087785793e-6
flux1:, 0.15681362725450892, 1.0298263507102943e-5
flux1:, 0.15721442885771533, 9.654039421185235e-6
flux1:, 0.15761523046092174, 1.1948418842068252e-5
flux1:, 0.15801603206412815, 1.1676733616318699e-5
flux1:, 0.15841683366733456, 1.3946742795934717e-5
flux1:, 0.15881763527054096, 1.4214164259361702e-5
flux1:, 0.15921843687374737, 1.639826510059778e-5
flux1:, 0.15961923847695378, 1.7393613001521957e-5
flux1:, 0.1600200400801602, 1.944140013728688e-5
flux1:, 0.1604208416833666, 2.1374924247965975e-5
flux1:, 0.160821643286573, 2.3256714799430887e-5
flux1:, 0.1612224448897794, 2.6359001405611917e-5
flux1:, 0.16162324649298582, 2.8076893941173066e-5
flux1:, 0.16202404809619222, 3.259738248431032e-5
flux1:, 0.16242484969939863, 3.4197166139563225e-5
flux1:, 0.16282565130260504, 4.0401819458322225e-5
flux1:, 0.16322645290581145, 4.1984534029074756e-5
flux1:, 0.16362725450901786, 5.0151620544966156e-5
flux1:, 0.16402805611222426, 5.1882745274903866e-5
flux1:, 0.16442885771543067, 6.229486412606994e-5
flux1:, 0.16482965931863708, 6.440814607154207e-5
flux1:, 0.16523046092184349, 7.733777064011284e-5
flux1:, 0.1656312625250499, 8.012999829937047e-5
flux1:, 0.1660320641282563, 9.58155601658978e-5
flux1:, 0.1664328657314627, 9.962904853837913e-5
flux1:, 0.16683366733466912, 1.1824010470400624e-4
flux1:, 0.16723446893787552, 1.234326238333785e-4
flux1:, 0.16763527054108193, 1.4502728717825767e-4
flux1:, 0.16803607214428834, 1.5193557087017892e-4
flux1:, 0.16843687374749475, 1.764212474824138e-4
flux1:, 0.16883767535070116, 1.8533268128633035e-4
flux1:, 0.16923847695390756, 2.1244897444517972e-4
flux1:, 0.16963927855711397, 2.2360117404215913e-4
flux1:, 0.17004008016032038, 2.52944469820671e-4
flux1:, 0.17044088176352679, 2.665666796229228e-4
flux1:, 0.1708416833667332, 2.976632102674786e-4
flux1:, 0.1712424849699396, 3.1405443583634e-4
flux1:, 0.171643286573146, 3.464655574655268e-4
flux1:, 0.17204408817635242, 3.660813687753265e-4
flux1:, 0.17244488977955882, 3.99505254320978e-4
flux1:, 0.17284569138276523, 4.2301347256684847e-4
flux1:, 0.17324649298597164, 4.5734378452932245e-4
flux1:, 0.17364729458917805, 4.856139950967179e-4
flux1:, 0.17404809619238445, 5.209249501080326e-4
flux1:, 0.17444889779559086, 5.54925943901209e-4
flux1:, 0.17484969939879727, 5.913577454027624e-4
flux1:, 0.17525050100200368, 6.319333647461497e-4
flux1:, 0.17565130260521009, 6.694398855388159e-4
flux1:, 0.1760521042084165, 7.169143891308334e-4
flux1:, 0.1764529058116229, 7.54816287581707e-4
flux1:, 0.1768537074148293, 8.083733168359442e-4
flux1:, 0.17725450901803572, 8.446841261153308e-4
flux1:, 0.17765531062124212, 9.015471894222127e-4
flux1:, 0.17805611222444853, 9.322128195226632e-4
flux1:, 0.17845691382765494, 9.869553857519838e-4
flux1:, 0.17885771543086135, 0.0010055704116470159
flux1:, 0.17925851703406775, 0.0010504018609641484
flux1:, 0.17965931863727416, 0.0010494129244774761
flux1:, 0.18006012024048057, 0.0010764344734537138
flux1:, 0.18046092184368698, 0.0010503448989681958
flux1:, 0.18086172344689339, 0.001055391978686707
flux1:, 0.1812625250500998, 0.0010043195709417798
flux1:, 0.1816633266533062, 9.895745520078587e-4
flux1:, 0.1820641282565126, 9.199168765037676e-4
flux1:, 0.18246492985971902, 8.926231507811143e-4
flux1:, 0.18286573146292542, 8.139312978581519e-4
flux1:, 0.18326653306613183, 7.82380320568313e-4
flux1:, 0.18366733466933824, 7.033309645514666e-4
flux1:, 0.18406813627254465, 6.736016601557106e-4
flux1:, 0.18446893787575105, 5.999316987884298e-4
flux1:, 0.18486973947895746, 5.749922328322426e-4
flux1:, 0.18527054108216387, 5.095685490712085e-4
flux1:, 0.18567134268537028, 4.899616211928321e-4
flux1:, 0.18607214428857669, 4.337425484638786e-4
flux1:, 0.1864729458917831, 4.186395647106804e-4
flux1:, 0.1868737474949895, 3.71590219482348e-4
flux1:, 0.1872745490981959, 3.596096576455763e-4
flux1:, 0.18767535070140232, 3.2127931792696855e-4
flux1:, 0.18807615230460872, 3.10974045173859e-4
flux1:, 0.18847695390781513, 2.8077799994750366e-4
flux1:, 0.18887775551102154, 2.7088106990606384e-4
flux1:, 0.18927855711422795, 2.4820254592007796e-4
flux1:, 0.18967935871743435, 2.377329196710362e-4
flux1:, 0.19008016032064076, 2.2193665710571698e-4
flux1:, 0.19048096192384717, 2.102324670163571e-4
flux1:, 0.19088176352705358, 2.0064462494952416e-4
flux1:, 0.19128256513025998, 1.8736058182813726e-4
flux1:, 0.1916833667334664, 1.8324329557489836e-4
flux1:, 0.1920841683366728, 1.6832962028338536e-4
flux1:, 0.1924849699398792, 1.688633667120067e-4
flux1:, 0.19288577154308562, 1.5253364133195686e-4
flux1:, 0.19328657314629202, 1.5681263778115367e-4
flux1:, 0.19368737474949843, 1.3950346028250208e-4
flux1:, 0.19408817635270484, 1.4654531662555616e-4
flux1:, 0.19448897795591125, 1.2886899902023486e-4
flux1:, 0.19488977955911765, 1.3763777886272946e-4
flux1:, 0.19529058116232406, 1.2032906672890054e-4
flux1:, 0.19569138276553047, 1.2976976463675038e-4
flux1:, 0.19609218436873688, 1.13627896384359e-4
flux1:, 0.19649298597194328, 1.2270961989854459e-4
flux1:, 0.1968937875751497, 1.0853759034305955e-4
flux1:, 0.1972945891783561, 1.1630224512664973e-4
flux1:, 0.1976953907815625, 1.048456862419263e-4
flux1:, 0.19809619238476892, 1.1045863156451262e-4
flux1:, 0.19849699398797532, 1.0234716517500464e-4
flux1:, 0.19889779559118173, 1.051461265082598e-4
flux1:, 0.19929859719438814, 1.0084031827349723e-4
flux1:, 0.19969939879759455, 1.0037882796089389e-4
flux1:, 0.20010020040080095, 1.0012594455001402e-4
flux1:, 0.20050100200400736, 9.620774808048472e-5
flux1:, 0.20090180360721377, 1.0000937232597148e-4
flux1:, 0.20130260521042018, 9.27105989439449e-5
flux1:, 0.20170340681362658, 1.0030478726391546e-4
flux1:, 0.202104208416833, 8.998124156012308e-5
flux1:, 0.2025050100200394, 1.0084132321408833e-4
flux1:, 0.2029058116232458, 8.811899866658507e-5
flux1:, 0.20330661322645222, 1.0147033923951045e-4
flux1:, 0.20370741482965862, 8.721816209236018e-5
flux1:, 0.20410821643286503, 1.0207327793898003e-4
flux1:, 0.20450901803607144, 8.735812441801971e-5
flux1:, 0.20490981963927785, 1.0256948581673774e-4
flux1:, 0.20531062124248425, 8.859463036659482e-5
flux1:, 0.20571142284569066, 1.0292338358971719e-4
flux1:, 0.20611222444889707, 9.095267439366014e-5
flux1:, 0.20651302605210348, 1.0315040880732232e-4
flux1:, 0.20691382765530988, 9.442156696399547e-5
flux1:, 0.2073146292585163, 1.0332121888709983e-4
flux1:, 0.2077154308617227, 9.895265423098819e-5
flux1:, 0.2081162324649291, 1.0356374157962527e-4
flux1:, 0.20851703406813552, 1.0446010752714063e-4
flux1:, 0.20891783567134192, 1.0406279200045131e-4
flux1:, 0.20931863727454833, 1.1082510591053632e-4
flux1:, 0.20971943887775474, 1.0505713904351803e-4
flux1:, 0.21012024048096115, 1.1790362549403776e-4
flux1:, 0.21052104208416755, 1.0683409628402916e-4
flux1:, 0.21092184368737396, 1.2553793516811488e-4
flux1:, 0.21132264529058037, 1.0972192988710365e-4
flux1:, 0.21172344689378678, 1.3357179523899932e-4
flux1:, 0.21212424849699318, 1.1408061562096299e-4
flux1:, 0.2125250501001996, 1.4186928393569755e-4
flux1:, 0.212925851703406, 1.2029173819458974e-4
flux1:, 0.2133266533066124, 1.5033716383064779e-4
flux1:, 0.21372745490981881, 1.287486131933102e-4
flux1:, 0.21412825651302522, 1.589507830008837e-4
flux1:, 0.21452905811623163, 1.3984803864450985e-4
flux1:, 0.21492985971943804, 1.6778373712793415e-4
flux1:, 0.21533066132264445, 1.5398548006424032e-4
flux1:, 0.21573146292585085, 1.7704197853441036e-4
flux1:, 0.21613226452905726, 1.7155601905846413e-4
flux1:, 0.21653306613226367, 1.8710387386374868e-4
flux1:, 0.21693386773547008, 1.92964161813526e-4
flux1:, 0.21733466933867648, 1.9856909821257325e-4
flux1:, 0.2177354709418829, 2.186468137463555e-4
flux1:, 0.2181362725450893, 2.123215880317121e-4
flux1:, 0.2185370741482957, 2.491157580568922e-4
flux1:, 0.21893787575150211, 2.2961575274138264e-4
flux1:, 0.21933867735470852, 2.850295456275589e-4
flux1:, 0.21973947895791493, 2.52202094631162e-4
flux1:, 0.22014028056112134, 3.273112150082072e-4
flux1:, 0.22054108216432775, 2.825209563959298e-4
flux1:, 0.22094188376753415, 3.7734057341095716e-4
flux1:, 0.22134268537074056, 3.240168222649553e-4
flux1:, 0.22174348697394697, 4.372739874373563e-4
flux1:, 0.22214428857715338, 3.816725225711323e-4
flux1:, 0.22254509018035978, 5.105945148260541e-4
flux1:, 0.2229458917835662, 4.629608505743153e-4
flux1:, 0.2233466933867726, 6.031037768534183e-4
flux1:, 0.223747494989979, 5.796299908399063e-4
flux1:, 0.22414829659318541, 7.248195317393888e-4
flux1:, 0.22454909819639182, 7.512654839118633e-4
flux1:, 0.22494989979959823, 8.93880099251905e-4
flux1:, 0.22535070140280464, 0.0010129576272242678
flux1:, 0.22575150300601105, 0.0011453342838512557
flux1:, 0.22615230460921745, 0.0014334911948070165
flux1:, 0.22655310621242386, 0.0015533283671148057
flux1:, 0.22695390781563027, 0.00216441893865464
flux1:, 0.22735470941883668, 0.002296316544756335
flux1:, 0.22775551102204308, 0.0035982575547011714
flux1:, 0.2281563126252495, 0.003894895950295377
flux1:, 0.2285571142284559, 0.007032955748714358
flux1:, 0.2289579158316623, 0.008426537116782365
flux1:, 0.22935871743486871, 0.019015892828499567
flux1:, 0.22975951903807512, 0.030956928012556128
flux1:, 0.23016032064128153, 0.11590083681693732
flux1:, 0.23056112224448794, 0.1853135014251342
flux1:, 0.23096192384769434, 0.08240113784270711
flux1:, 0.23136272545090075, 0.024928131323766138
flux1:, 0.23176352705410716, 0.014844572066238002
flux1:, 0.23216432865731357, 0.007525021916532766
flux1:, 0.23256513026051998, 0.005539378791178671
flux1:, 0.23296593186372638, 0.003618238485443909
flux1:, 0.2333667334669328, 0.002790084001211695
flux1:, 0.2337675350701392, 0.002163342160509103
flux1:, 0.2341683366733456, 0.0016506818815449538
flux1:, 0.234569138276552, 0.0014632193700762502
flux1:, 0.23496993987975842, 0.0010848378524126513
flux1:, 0.23537074148296483, 0.0010693509066482404
flux1:, 0.23577154308617124, 7.715831038485285e-4
flux1:, 0.23617234468937764, 8.230972123565415e-4
flux1:, 0.23657314629258405, 5.857049811873893e-4
flux1:, 0.23697394789579046, 6.571380015989032e-4
flux1:, 0.23737474949899687, 4.70214114998725e-4
flux1:, 0.23777555110220328, 5.391081758012101e-4
flux1:, 0.23817635270540968, 3.961278499940656e-4
flux1:, 0.2385771543086161, 4.5195800492414456e-4
flux1:, 0.2389779559118225, 3.4742800085370946e-4
flux1:, 0.2393787575150289, 3.860384987447748e-4
flux1:, 0.2397795591182353, 3.146872907483217e-4
flux1:, 0.24018036072144172, 3.3554509022784974e-4
flux1:, 0.24058116232464813, 2.920966962356094e-4
flux1:, 0.24098196392785454, 2.967798411858357e-4
flux1:, 0.24138276553106094, 2.7596716330492753e-4
flux1:, 0.24178356713426735, 2.6724543359223855e-4
flux1:, 0.24218436873747376, 2.63922750911472e-4
flux1:, 0.24258517034068017, 2.4514945790343615e-4
flux1:, 0.24298597194388658, 2.5443916514348696e-4
flux1:, 0.24338677354709298, 2.2912432605400618e-4
flux1:, 0.2437875751502994, 2.4656405589240177e-4
flux1:, 0.2441883767535058, 2.1806666306150985e-4
flux1:, 0.2445891783567122, 2.3973739925120259e-4
flux1:, 0.2449899799599186, 2.1104574900154743e-4
flux1:, 0.24539078156312502, 2.3366944178306325e-4
flux1:, 0.24579158316633143, 2.072530307292269e-4
flux1:, 0.24619238476953784, 2.282533749347047e-4
flux1:, 0.24659318637274424, 2.0597631894194801e-4
flux1:, 0.24699398797595065, 2.235002322219876e-4
flux1:, 0.24739478957915706, 2.065885790676069e-4
flux1:, 0.24779559118236347, 2.194890811525376e-4
flux1:, 0.24819639278556987, 2.0854482314149332e-4
flux1:, 0.24859719438877628, 2.1632864462316987e-4
flux1:, 0.2489979959919827, 2.113827944896453e-4
flux1:, 0.2493987975951891, 2.1412815930372178e-4
flux1:, 0.2497995991983955, 2.14724556786578e-4
flux1:, 0.25020040080160194, 2.1297615799461145e-4
flux1:, 0.2506012024048084, 2.182770902089493e-4
flux1:, 0.2510020040080148, 2.1292628072120992e-4
flux1:, 0.25140280561122125, 2.2183073546197134e-4
flux1:, 0.2518036072144277, 2.1398936919216627e-4
flux1:, 0.2522044088176341, 2.2525490195806334e-4
flux1:, 0.25260521042084055, 2.1613110035934483e-4
flux1:, 0.253006012024047, 2.2849091445317782e-4
flux1:, 0.2534068136272534, 2.1927434384819353e-4
flux1:, 0.25380761523045986, 2.3154223400096636e-4
flux1:, 0.2542084168336663, 2.2330533587507602e-4
flux1:, 0.25460921843687273, 2.3446256314413173e-4
flux1:, 0.25501002004007917, 2.2808268289721648e-4
flux1:, 0.2554108216432856, 2.3734253572806115e-4
flux1:, 0.25581162324649204, 2.3344816350972708e-4
flux1:, 0.2562124248496985, 2.402958014719606e-4
flux1:, 0.2566132264529049, 2.3923829954570274e-4
flux1:, 0.25701402805611134, 2.4344534860580103e-4
flux1:, 0.2574148296593178, 2.4529572195260575e-4
flux1:, 0.2578156312625242, 2.469108710198228e-4
flux1:, 0.25821643286573065, 2.5147946263161323e-4
flux1:, 0.2586172344689371, 2.5079788878676633e-4
flux1:, 0.2590180360721435, 2.576734538726475e-4
flux1:, 0.25941883767534996, 2.5518918451346843e-4
flux1:, 0.2598196392785564, 2.6379270231627236e-4
flux1:, 0.2602204408817628, 2.601389367088418e-4
flux1:, 0.26062124248496926, 2.697868119103892e-4
flux1:, 0.2610220440881757, 2.656697304264876e-4
flux1:, 0.26142284569138213, 2.7564074605140307e-4
flux1:, 0.26182364729458857, 2.717724203871575e-4
flux1:, 0.262224448897795, 2.813729286717111e-4
flux1:, 0.26262525050100144, 2.7840862751193007e-4
flux1:, 0.2630260521042079, 2.8703097392941804e-4
flux1:, 0.2634268537074143, 2.855154796595389e-4
flux1:, 0.26382765531062075, 2.9268549260130815e-4
flux1:, 0.2642284569138272, 2.93012072377464e-4
flux1:, 0.2646292585170336, 2.984225410421847e-4
flux1:, 0.26503006012024005, 3.0080703369769995e-4
flux1:, 0.2654308617234465, 3.0433534951673254e-4
flux1:, 0.2658316633266529, 3.088065331115432e-4
flux1:, 0.26623246492985936, 3.1051598812317115e-4
flux1:, 0.2666332665330658, 3.1692207996733194e-4
flux1:, 0.26703406813627223, 3.170476011971849e-4
flux1:, 0.26743486973947866, 3.250775082878149e-4
flux1:, 0.2678356713426851, 3.2399776912988215e-4
flux1:, 0.26823647294589154, 3.3321463784534845e-4
flux1:, 0.26863727454909797, 3.3141344701249366e-4
flux1:, 0.2690380761523044, 3.412972270143586e-4
flux1:, 0.26943887775551084, 3.39317791851042e-4
flux1:, 0.2698396793587173, 3.493129811681464e-4
flux1:, 0.2702404809619237, 3.4770903532564614e-4
flux1:, 0.27064128256513015, 3.572735396841479e-4
flux1:, 0.2710420841683366, 3.5656139906315213e-4
flux1:, 0.271442885771543, 3.6521252305716525e-4
flux1:, 0.27184368737474945, 3.6582789596928893e-4
flux1:, 0.2722444889779559, 3.731818677397036e-4
flux1:, 0.2726452905811623, 3.754447252769198e-4
flux1:, 0.27304609218436876, 3.812467999320918e-4
flux1:, 0.2734468937875752, 3.8533685993990185e-4
flux1:, 0.27384769539078163, 3.894798923774041e-4
flux1:, 0.27424849699398807, 3.9542434992963075e-4
flux1:, 0.2746492985971945, 3.9795470450373964e-4
flux1:, 0.27505010020040094, 4.0562882828342416e-4
flux1:, 0.2754509018036074, 4.0673952305533557e-4
flux1:, 0.2758517034068138, 4.1587970989134305e-4
flux1:, 0.27625250501002024, 4.158916976901337e-4
flux1:, 0.2766533066132267, 4.261196145152338e-4
flux1:, 0.2770541082164331, 4.2545300681265293e-4
flux1:, 0.27745490981963955, 4.363086211592823e-4
flux1:, 0.277855711422846, 4.3544639868145534e-4
flux1:, 0.2782565130260524, 4.464270640111249e-4
flux1:, 0.27865731462925886, 4.458743392451785e-4
flux1:, 0.2790581162324653, 4.5647670225579246e-4
flux1:, 0.2794589178356717, 4.5671887040635534e-4
flux1:, 0.27985971943887816, 4.6648022746663436e-4
flux1:, 0.2802605210420846, 4.6794335048606174e-4
flux1:, 0.28066132264529103, 4.76479202903826e-4
flux1:, 0.28106212424849747, 4.794957226101675e-4
flux1:, 0.2814629258517039, 4.8653064913967473e-4
flux1:, 0.28186372745491034, 4.913130459088577e-4
flux1:, 0.2822645290581168, 4.967025912715932e-4
flux1:, 0.2826653306613232, 5.033269367848384e-4
flux1:, 0.28306613226452965, 5.070689575499505e-4
flux1:, 0.2834669338677361, 5.15469509095042e-4
flux1:, 0.2838677354709425, 5.17704262678556e-4
flux1:, 0.28426853707414895, 5.276793765940506e-4
flux1:, 0.2846693386773554, 5.2867851896227e-4
flux1:, 0.2850701402805618, 5.399072895368098e-4
flux1:, 0.28547094188376826, 5.400527951034855e-4
flux1:, 0.2858717434869747, 5.521210184879677e-4
flux1:, 0.28627254509018113, 5.518757885322212e-4
flux1:, 0.28667334669338757, 5.643091682941071e-4
flux1:, 0.287074148296594, 5.641816976917408e-4
flux1:, 0.28747494989980044, 5.764836979652815e-4
flux1:, 0.28787575150300687, 5.769895825099919e-4
flux1:, 0.2882765531062133, 5.886810304725358e-4
flux1:, 0.28867735470941974, 5.903042924419535e-4
flux1:, 0.2890781563126262, 6.009617518694992e-4
flux1:, 0.2894789579158326, 6.041189306641464e-4
flux1:, 0.28987975951903905, 6.134090131037246e-4
flux1:, 0.2902805611222455, 6.18418718881694e-4
flux1:, 0.2906813627254519, 6.261258522294376e-4
flux1:, 0.29108216432865835, 6.331860377212446e-4
flux1:, 0.2914829659318648, 6.392317423318078e-4
flux1:, 0.2918837675350712, 6.48406349511094e-4
flux1:, 0.29228456913827766, 6.528587357456626e-4
flux1:, 0.2926853707414841, 6.640746683583712e-4
flux1:, 0.29308617234469053, 6.671476144610701e-4
flux1:, 0.29348697394789697, 6.802022297563438e-4
flux1:, 0.2938877755511034, 6.822444684845575e-4
flux1:, 0.29428857715430984, 6.96823029254335e-4
flux1:, 0.2946893787575163, 6.982981091076776e-4
flux1:, 0.2950901803607227, 7.139999456058354e-4
flux1:, 0.29549098196392914, 7.154586853384443e-4
flux1:, 0.2958917835671356, 7.318302348962508e-4
flux1:, 0.296292585170342, 7.338778137496698e-4
flux1:, 0.29669338677354845, 7.504502733563556e-4
flux1:, 0.2970941883767549, 7.537104605435439e-4
flux1:, 0.2974949899799613, 7.700395314435695e-4
flux1:, 0.29789579158316776, 7.751187362175464e-4
flux1:, 0.2982965931863742, 7.908238728412583e-4
flux1:, 0.29869739478958063, 7.982776841706123e-4
flux1:, 0.29909819639278706, 8.130783809772679e-4
flux1:, 0.2994989979959935, 8.233830700719262e-4
flux1:, 0.29989979959919993, 8.371300132960939e-4
flux1:, 0.30030060120240637, 8.506611115162595e-4
flux1:, 0.3007014028056128, 8.633604591848151e-4
flux1:, 0.30110220440881924, 8.803800258455246e-4
flux1:, 0.3015030060120257, 8.922096176851712e-4
flux1:, 0.3019038076152321, 9.12863209593672e-4
flux1:, 0.30230460921843855, 9.241800969546068e-4
flux1:, 0.302705410821645, 9.485037764985803e-4
flux1:, 0.3031062124248514, 9.598430396389726e-4
flux1:, 0.30350701402805785, 9.877800358966712e-4
flux1:, 0.3039078156312643, 9.998453494309805e-4
flux1:, 0.3043086172344707, 0.001031271225864108
flux1:, 0.30470941883767716, 0.0010449179557355224
flux1:, 0.3051102204408836, 0.001079672319470883
flux1:, 0.30551102204409003, 0.0010958839771210108
flux1:, 0.30591182364729647, 0.0011338058270872013
flux1:, 0.3063126252505029, 0.0011536643253830217
flux1:, 0.30671342685370934, 0.0011946269591042757
flux1:, 0.30711422845691577, 0.0012192761199760125
flux1:, 0.3075150300601222, 0.0012632159098670394
flux1:, 0.30791583166332864, 0.0012938158255307098
flux1:, 0.3083166332665351, 0.0013407468841885315
flux1:, 0.3087174348697415, 0.0013784137823987055
flux1:, 0.30911823647294795, 0.0014284173412538164
flux1:, 0.3095190380761544, 0.0014741394534295352
flux1:, 0.3099198396793608, 0.001527312769884642
flux1:, 0.31032064128256726, 0.0015818278550762163
flux1:, 0.3107214428857737, 0.0016381737301261457
flux1:, 0.3111222444889801, 0.0017017904750245407
flux1:, 0.31152304609218656, 0.0017610284666705616
flux1:, 0.311923847695393, 0.001833377421579448
flux1:, 0.31232464929859943, 0.0018946694128241753
flux1:, 0.31272545090180587, 0.001974390156614778
flux1:, 0.3131262525050123, 0.0020360093042004024
flux1:, 0.31352705410821874, 0.002120433935054532
flux1:, 0.3139278557114252, 0.00217948025312539
flux1:, 0.3143286573146316, 0.002264465395448587
flux1:, 0.31472945891783805, 0.0023168341630791104
flux1:, 0.3151302605210445, 0.0023969897617668167
flux1:, 0.3155310621242509, 0.0024378597166092534
flux1:, 0.31593186372745735, 0.00250741153610802
flux1:, 0.3163326653306638, 0.002532395194485157
flux1:, 0.3167334669338702, 0.002586653219415562
flux1:, 0.31713426853707666, 0.0025933474865478196
flux1:, 0.3175350701402831, 0.0026302577817647224
flux1:, 0.31793587174348953, 0.0026194488961070244
flux1:, 0.31833667334669596, 0.002640364148615646
flux1:, 0.3187374749499024, 0.002616071642794762
flux1:, 0.31913827655310884, 0.0026251409629156185
flux1:, 0.31953907815631527, 0.0025932572920740688
flux1:, 0.3199398797595217, 0.002595571791664412
flux1:, 0.32034068136272814, 0.00256155503199293
flux1:, 0.3207414829659346, 0.002560660552662967
flux1:, 0.321142284569141, 0.002526879179590506
flux1:, 0.32154308617234745, 0.002522104397078698
flux1:, 0.3219438877755539, 0.0024851287784792655
flux1:, 0.3223446893787603, 0.002469006658684291
flux1:, 0.32274549098196675, 0.002417466671812384
flux1:, 0.3231462925851732, 0.0023746827737955475
flux1:, 0.3235470941883796, 0.002290509467535687
flux1:, 0.32394789579158606, 0.0022027304197857664
flux1:, 0.3243486973947925, 0.002070964924327943
flux1:, 0.32474949899799893, 0.0019312027469323592
flux1:, 0.32515030060120537, 0.0017566177905533305
flux1:, 0.3255511022044118, 0.001582599835847551
flux1:, 0.32595190380761824, 0.0013938920045631692
flux1:, 0.3263527054108247, 0.001219550068617441
flux1:, 0.3267535070140311, 0.001049706248261578
flux1:, 0.32715430861723754, 9.015428829697483e-4
flux1:, 0.327555110220444, 7.679176707422935e-4
flux1:, 0.3279559118236504, 6.543937447511713e-4
flux1:, 0.32835671342685685, 5.577629868311799e-4
flux1:, 0.3287575150300633, 4.7513566314476253e-4
flux1:, 0.3291583166332697, 4.0844226649110275e-4
flux1:, 0.32955911823647616, 3.4916736735113513e-4
flux1:, 0.3299599198396826, 3.0420516122398386e-4
flux1:, 0.330360721442889, 2.6133730757158576e-4
flux1:, 0.33076152304609546, 2.3136052620865465e-4
flux1:, 0.3311623246493019, 1.9974375076232153e-4
flux1:, 0.33156312625250833, 1.7985553388930747e-4
flux1:, 0.33196392785571477, 1.5598886115697686e-4
flux1:, 0.3323647294589212, 1.4280442233718683e-4
flux1:, 0.33276553106212764, 1.2439787138440297e-4
flux1:, 0.3331663326653341, 1.1561544562673069e-4
flux1:, 0.3335671342685405, 1.0118637272586844e-4
flux1:, 0.33396793587174695, 9.524471538575373e-5
flux1:, 0.3343687374749534, 8.382549687233541e-5
flux1:, 0.3347695390781598, 7.966487617998352e-5
flux1:, 0.33517034068136625, 7.06086926832464e-5
flux1:, 0.3355711422845727, 6.751176482603753e-5
flux1:, 0.3359719438877791, 6.036857219427194e-5
flux1:, 0.33637274549098556, 5.7855384160771656e-5
flux1:, 0.336773547094192, 5.229446887423978e-5
flux1:, 0.33717434869739843, 5.005233920996028e-5
flux1:, 0.33757515030060486, 4.58148837778953e-5
flux1:, 0.3379759519038113, 4.365040028843116e-5
flux1:, 0.33837675350701774, 4.052115295091324e-5
flux1:, 0.33877755511022417, 3.8326251153267114e-5
flux1:, 0.3391783567134306, 3.611727681113601e-5
flux1:, 0.33957915831663704, 3.3844459689667025e-5
flux1:, 0.3399799599198435, 3.2386457356674794e-5
flux1:, 0.3403807615230499, 3.003015522168626e-5
flux1:, 0.34078156312625635, 2.9168419754336676e-5
flux1:, 0.3411823647294628, 2.675067363962044e-5
flux1:, 0.3415831663326692, 2.6343794318224068e-5
flux1:, 0.34198396793587565, 2.3903158908974603e-5
flux1:, 0.3423847695390821, 2.3823204889572294e-5
flux1:, 0.3427855711422885, 2.1406188557045484e-5
flux1:, 0.34318637274549496, 2.1539567047268412e-5
flux1:, 0.3435871743487014, 1.9194169780976102e-5
flux1:, 0.34398797595190783, 1.9442638079889342e-5
flux1:, 0.34438877755511427, 1.7213681500006048e-5
flux1:, 0.3447895791583207, 1.7495195821642492e-5
flux1:, 0.34519038076152714, 1.5421203783539275e-5
flux1:, 0.3455911823647336, 1.5670422463642656e-5
flux1:, 0.34599198396794, 1.3781829739498066e-5
flux1:, 0.34639278557114644, 1.3950170943872834e-5
flux1:, 0.3467935871743529, 1.2268625793395704e-5
flux1:, 0.3471943887775593, 1.2323821168495791e-5
flux1:, 0.34759519038076575, 1.0862318368518508e-5
flux1:, 0.3479959919839722, 1.0787418205862771e-5
flux1:, 0.3483967935871786, 9.550970421626764e-6
flux1:, 0.34879759519038506, 9.342764983947932e-6
flux1:, 0.3491983967935915, 8.32931820308173e-6
flux1:, 0.3495991983967979, 7.996172622530749e-6
flux1:, 0.35000000000000436, 7.197522792621787e-6

Elapsed run time = 16.6713 s
