-----------
Initializing structure...
Working in 2D dimensions.
Computational cell is 4 x 4 x 0 with resolution 200
     block, center = (0,0,0)
          size (1.2,1.2,1e+20)
          axes (1,0,0), (0,1,0), (0,0,1)
     block, center = (0,0,0)
          size (1,1,1e+20)
          axes (1,0,0), (0,1,0), (0,0,1)
          dielectric constant epsilon diagonal = (1,1,1)
     block, center = (0.5,0,0)
          size (0.2,0.4,1e+20)
          axes (1,0,0), (0,1,0), (0,0,1)
          dielectric constant epsilon diagonal = (1,1,1)
Halving computational cell along direction y
time for set_epsilon = 0.605338 s
-----------
Meep progress: 1.49/891.6020294484948 = 0.2% done in 4.0s, 2391.6s to go
on time step 596 (time=1.49), 0.00671729 s/step
Meep progress: 4.6775/891.6020294484948 = 0.5% done in 8.0s, 1518.1s to go
on time step 1871 (time=4.6775), 0.00313936 s/step
Meep progress: 8.0875/891.6020294484948 = 0.9% done in 12.0s, 1311.8s to go
on time step 3235 (time=8.0875), 0.00293381 s/step
Meep progress: 11.3/891.6020294484948 = 1.3% done in 16.0s, 1247.1s to go
on time step 4520 (time=11.3), 0.00311315 s/step
Meep progress: 14.42/891.6020294484948 = 1.6% done in 20.0s, 1217.1s to go
on time step 5768 (time=14.42), 0.00320546 s/step
Meep progress: 16.75/891.6020294484948 = 1.9% done in 24.0s, 1254.2s to go
on time step 6700 (time=16.75), 0.00429602 s/step
Meep progress: 18.27/891.6020294484948 = 2.0% done in 28.0s, 1339.2s to go
on time step 7308 (time=18.27), 0.00658393 s/step
Meep progress: 20.1675/891.6020294484948 = 2.3% done in 32.0s, 1383.5s to go
on time step 8067 (time=20.1675), 0.00527241 s/step
Meep progress: 23.66/891.6020294484948 = 2.7% done in 36.0s, 1321.3s to go
on time step 9464 (time=23.66), 0.00286379 s/step
Meep progress: 27.145/891.6020294484948 = 3.0% done in 40.0s, 1274.5s to go
on time step 10858 (time=27.145), 0.00287029 s/step
Meep progress: 30.642500000000002/891.6020294484948 = 3.4% done in 44.0s, 1236.9s to go
on time step 12257 (time=30.6425), 0.0028609 s/step
Meep progress: 34.135/891.6020294484948 = 3.8% done in 48.0s, 1206.4s to go
on time step 13654 (time=34.135), 0.0028652 s/step
Meep progress: 37.63/891.6020294484948 = 4.2% done in 52.0s, 1180.7s to go
on time step 15052 (time=37.63), 0.00286214 s/step
Meep progress: 41.12/891.6020294484948 = 4.6% done in 56.0s, 1158.8s to go
on time step 16448 (time=41.12), 0.00286734 s/step
Meep progress: 44.612500000000004/891.6020294484948 = 5.0% done in 60.0s, 1139.7s to go
on time step 17845 (time=44.6125), 0.00286425 s/step
Meep progress: 48.1025/891.6020294484948 = 5.4% done in 64.0s, 1122.8s to go
on time step 19241 (time=48.1025), 0.00286565 s/step
Meep progress: 51.5925/891.6020294484948 = 5.8% done in 68.0s, 1107.7s to go
on time step 20637 (time=51.5925), 0.00286664 s/step
Meep progress: 55.09/891.6020294484948 = 6.2% done in 72.0s, 1093.8s to go
on time step 22036 (time=55.09), 0.00286118 s/step
Meep progress: 58.5825/891.6020294484948 = 6.6% done in 76.0s, 1081.2s to go
on time step 23433 (time=58.5825), 0.00286344 s/step
Meep progress: 61.9775/891.6020294484948 = 7.0% done in 80.0s, 1071.4s to go
on time step 24791 (time=61.9775), 0.00294585 s/step
Meep progress: 65.465/891.6020294484948 = 7.3% done in 84.0s, 1060.5s to go
on time step 26186 (time=65.465), 0.00286768 s/step
Meep progress: 68.96000000000001/891.6020294484948 = 7.7% done in 88.0s, 1050.2s to go
on time step 27584 (time=68.96), 0.00286133 s/step
Meep progress: 72.4575/891.6020294484948 = 8.1% done in 92.0s, 1040.5s to go
on time step 28983 (time=72.4575), 0.00286085 s/step
Meep progress: 75.9525/891.6020294484948 = 8.5% done in 96.0s, 1031.4s to go
on time step 30381 (time=75.9525), 0.00286203 s/step
Meep progress: 79.44/891.6020294484948 = 8.9% done in 100.0s, 1022.8s to go
on time step 31776 (time=79.44), 0.00286872 s/step
Meep progress: 82.9375/891.6020294484948 = 9.3% done in 104.0s, 1014.4s to go
on time step 33175 (time=82.9375), 0.00285958 s/step
Meep progress: 86.4325/891.6020294484948 = 9.7% done in 108.0s, 1006.5s to go
on time step 34573 (time=86.4325), 0.00286244 s/step
Meep progress: 89.9275/891.6020294484948 = 10.1% done in 112.0s, 998.9s to go
on time step 35971 (time=89.9275), 0.00286297 s/step
Meep progress: 93.4175/891.6020294484948 = 10.5% done in 116.0s, 991.5s to go
on time step 37367 (time=93.4175), 0.00286619 s/step
Meep progress: 96.91/891.6020294484948 = 10.9% done in 120.0s, 984.4s to go
on time step 38764 (time=96.91), 0.0028644 s/step
Meep progress: 100.4025/891.6020294484948 = 11.3% done in 124.1s, 977.6s to go
on time step 40161 (time=100.403), 0.00286425 s/step
Meep progress: 103.895/891.6020294484948 = 11.7% done in 128.1s, 970.9s to go
on time step 41558 (time=103.895), 0.00286431 s/step
Meep progress: 107.39/891.6020294484948 = 12.0% done in 132.1s, 964.3s to go
on time step 42956 (time=107.39), 0.0028632 s/step
Meep progress: 110.8725/891.6020294484948 = 12.4% done in 136.1s, 958.1s to go
on time step 44349 (time=110.873), 0.00287256 s/step
Meep progress: 114.3675/891.6020294484948 = 12.8% done in 140.1s, 951.8s to go
on time step 45747 (time=114.368), 0.00286275 s/step
Meep progress: 117.8575/891.6020294484948 = 13.2% done in 144.1s, 945.8s to go
on time step 47143 (time=117.858), 0.00286658 s/step
Meep progress: 121.3475/891.6020294484948 = 13.6% done in 148.1s, 939.8s to go
on time step 48539 (time=121.347), 0.00286571 s/step
Meep progress: 124.845/891.6020294484948 = 14.0% done in 152.1s, 933.9s to go
on time step 49938 (time=124.845), 0.0028603 s/step
Meep progress: 128.3375/891.6020294484948 = 14.4% done in 156.1s, 928.2s to go
on time step 51335 (time=128.338), 0.00286334 s/step
Meep progress: 131.825/891.6020294484948 = 14.8% done in 160.1s, 922.5s to go
on time step 52730 (time=131.825), 0.00286903 s/step
Meep progress: 135.32/891.6020294484948 = 15.2% done in 164.1s, 916.9s to go
on time step 54128 (time=135.32), 0.00286247 s/step
Meep progress: 138.815/891.6020294484948 = 15.6% done in 168.1s, 911.4s to go
on time step 55526 (time=138.815), 0.00286263 s/step
Meep progress: 142.31/891.6020294484948 = 16.0% done in 172.1s, 906.0s to go
on time step 56924 (time=142.31), 0.00286224 s/step
Meep progress: 145.8/891.6020294484948 = 16.4% done in 176.1s, 900.6s to go
on time step 58320 (time=145.8), 0.0028662 s/step
Meep progress: 149.29/891.6020294484948 = 16.7% done in 180.1s, 895.4s to go
on time step 59716 (time=149.29), 0.0028666 s/step
Meep progress: 152.785/891.6020294484948 = 17.1% done in 184.1s, 890.1s to go
on time step 61114 (time=152.785), 0.00286282 s/step
Meep progress: 156.2725/891.6020294484948 = 17.5% done in 188.1s, 885.0s to go
on time step 62509 (time=156.273), 0.00286828 s/step
Meep progress: 159.7675/891.6020294484948 = 17.9% done in 192.1s, 879.8s to go
on time step 63907 (time=159.768), 0.00286264 s/step
Meep progress: 163.2575/891.6020294484948 = 18.3% done in 196.1s, 874.8s to go
on time step 65303 (time=163.257), 0.00286667 s/step
Meep progress: 166.7525/891.6020294484948 = 18.7% done in 200.1s, 869.7s to go
on time step 66701 (time=166.752), 0.00286148 s/step
Meep progress: 170.235/891.6020294484948 = 19.1% done in 204.1s, 864.8s to go
on time step 68094 (time=170.235), 0.00287198 s/step
Meep progress: 173.7275/891.6020294484948 = 19.5% done in 208.1s, 859.8s to go
on time step 69491 (time=173.727), 0.00286433 s/step
Meep progress: 177.22/891.6020294484948 = 19.9% done in 212.1s, 854.9s to go
on time step 70888 (time=177.22), 0.0028633 s/step
Meep progress: 180.715/891.6020294484948 = 20.3% done in 216.1s, 850.0s to go
on time step 72286 (time=180.715), 0.00286244 s/step
Meep progress: 184.20250000000001/891.6020294484948 = 20.7% done in 220.1s, 845.2s to go
on time step 73681 (time=184.203), 0.00286789 s/step
Meep progress: 187.70000000000002/891.6020294484948 = 21.1% done in 224.1s, 840.4s to go
on time step 75080 (time=187.7), 0.00285926 s/step
Meep progress: 191.195/891.6020294484948 = 21.4% done in 228.1s, 835.6s to go
on time step 76478 (time=191.195), 0.00286304 s/step
Meep progress: 194.69/891.6020294484948 = 21.8% done in 232.1s, 830.8s to go
on time step 77876 (time=194.69), 0.00286272 s/step
Meep progress: 198.1825/891.6020294484948 = 22.2% done in 236.1s, 826.1s to go
on time step 79273 (time=198.183), 0.00286528 s/step
Meep progress: 201.6775/891.6020294484948 = 22.6% done in 240.1s, 821.3s to go
on time step 80671 (time=201.678), 0.00286237 s/step
Meep progress: 205.175/891.6020294484948 = 23.0% done in 244.1s, 816.6s to go
on time step 82070 (time=205.175), 0.00285946 s/step
Meep progress: 208.67000000000002/891.6020294484948 = 23.4% done in 248.1s, 812.0s to go
on time step 83468 (time=208.67), 0.00286324 s/step
Meep progress: 212.165/891.6020294484948 = 23.8% done in 252.1s, 807.3s to go
on time step 84866 (time=212.165), 0.00286229 s/step
Meep progress: 215.66/891.6020294484948 = 24.2% done in 256.1s, 802.7s to go
on time step 86264 (time=215.66), 0.00286255 s/step
Meep progress: 219.1575/891.6020294484948 = 24.6% done in 260.1s, 798.1s to go
on time step 87663 (time=219.157), 0.00285932 s/step
Meep progress: 222.6475/891.6020294484948 = 25.0% done in 264.1s, 793.5s to go
on time step 89059 (time=222.648), 0.0028663 s/step
Meep progress: 226.1325/891.6020294484948 = 25.4% done in 268.1s, 789.0s to go
on time step 90453 (time=226.132), 0.00286986 s/step
Meep progress: 229.625/891.6020294484948 = 25.8% done in 272.1s, 784.4s to go
on time step 91850 (time=229.625), 0.00286418 s/step
Meep progress: 233.12/891.6020294484948 = 26.1% done in 276.1s, 779.9s to go
on time step 93248 (time=233.12), 0.00286237 s/step
Meep progress: 236.61/891.6020294484948 = 26.5% done in 280.1s, 775.4s to go
on time step 94644 (time=236.61), 0.00286707 s/step
Meep progress: 240.10750000000002/891.6020294484948 = 26.9% done in 284.1s, 770.9s to go
on time step 96043 (time=240.108), 0.00286041 s/step
Meep progress: 243.6025/891.6020294484948 = 27.3% done in 288.1s, 766.4s to go
on time step 97441 (time=243.602), 0.00286284 s/step
Meep progress: 247.1/891.6020294484948 = 27.7% done in 292.1s, 761.9s to go
on time step 98840 (time=247.1), 0.00286052 s/step
Meep progress: 250.5825/891.6020294484948 = 28.1% done in 296.1s, 757.5s to go
on time step 100233 (time=250.583), 0.0028719 s/step
Meep progress: 254.07500000000002/891.6020294484948 = 28.5% done in 300.1s, 753.1s to go
on time step 101630 (time=254.075), 0.0028636 s/step
Meep progress: 257.5675/891.6020294484948 = 28.9% done in 304.1s, 748.6s to go
on time step 103027 (time=257.567), 0.0028647 s/step
Meep progress: 261.0575/891.6020294484948 = 29.3% done in 308.1s, 744.2s to go
on time step 104423 (time=261.058), 0.0028654 s/step
Meep progress: 264.55/891.6020294484948 = 29.7% done in 312.1s, 739.8s to go
on time step 105820 (time=264.55), 0.00286466 s/step
Meep progress: 268.0425/891.6020294484948 = 30.1% done in 316.1s, 735.4s to go
on time step 107217 (time=268.043), 0.0028636 s/step
Meep progress: 271.535/891.6020294484948 = 30.5% done in 320.1s, 731.0s to go
on time step 108614 (time=271.535), 0.002864 s/step
Meep progress: 275.02500000000003/891.6020294484948 = 30.8% done in 324.1s, 726.6s to go
on time step 110010 (time=275.025), 0.00286564 s/step
Meep progress: 278.425/891.6020294484948 = 31.2% done in 328.1s, 722.6s to go
on time step 111370 (time=278.425), 0.00294129 s/step
Meep progress: 281.91/891.6020294484948 = 31.6% done in 332.1s, 718.3s to go
on time step 112764 (time=281.91), 0.00287085 s/step
Meep progress: 285.3975/891.6020294484948 = 32.0% done in 336.1s, 714.0s to go
on time step 114159 (time=285.397), 0.00286828 s/step
Meep progress: 288.8875/891.6020294484948 = 32.4% done in 340.1s, 709.6s to go
on time step 115555 (time=288.887), 0.00286711 s/step
Meep progress: 292.3825/891.6020294484948 = 32.8% done in 344.1s, 705.3s to go
on time step 116953 (time=292.382), 0.00286323 s/step
Meep progress: 295.8775/891.6020294484948 = 33.2% done in 348.1s, 700.9s to go
on time step 118351 (time=295.877), 0.00286212 s/step
Meep progress: 299.37/891.6020294484948 = 33.6% done in 352.1s, 696.6s to go
on time step 119748 (time=299.37), 0.00286369 s/step
Meep progress: 302.8625/891.6020294484948 = 34.0% done in 356.1s, 692.3s to go
on time step 121145 (time=302.863), 0.00286478 s/step
Meep progress: 306.355/891.6020294484948 = 34.4% done in 360.1s, 688.0s to go
on time step 122542 (time=306.355), 0.00286452 s/step
Meep progress: 309.85/891.6020294484948 = 34.8% done in 364.1s, 683.7s to go
on time step 123940 (time=309.85), 0.00286303 s/step
Meep progress: 313.34000000000003/891.6020294484948 = 35.1% done in 368.1s, 679.4s to go
on time step 125336 (time=313.34), 0.00286664 s/step
Meep progress: 316.835/891.6020294484948 = 35.5% done in 372.1s, 675.1s to go
on time step 126734 (time=316.835), 0.00286147 s/step
Meep progress: 320.3225/891.6020294484948 = 35.9% done in 376.1s, 670.8s to go
on time step 128129 (time=320.322), 0.00286805 s/step
Meep progress: 323.71/891.6020294484948 = 36.3% done in 380.1s, 666.9s to go
on time step 129484 (time=323.71), 0.00295307 s/step
Meep progress: 326.9825/891.6020294484948 = 36.7% done in 384.1s, 663.3s to go
on time step 130793 (time=326.983), 0.0030573 s/step
Meep progress: 330.2625/891.6020294484948 = 37.0% done in 388.1s, 659.7s to go
on time step 132105 (time=330.262), 0.00305096 s/step
Meep progress: 333.6225/891.6020294484948 = 37.4% done in 392.1s, 655.9s to go
on time step 133449 (time=333.623), 0.00297753 s/step
Meep progress: 337.105/891.6020294484948 = 37.8% done in 396.2s, 651.6s to go
on time step 134842 (time=337.105), 0.00287349 s/step
Meep progress: 340.59000000000003/891.6020294484948 = 38.2% done in 400.2s, 647.4s to go
on time step 136236 (time=340.59), 0.00286968 s/step
Meep progress: 344.0775/891.6020294484948 = 38.6% done in 404.2s, 643.1s to go
on time step 137631 (time=344.077), 0.0028679 s/step
Meep progress: 347.5675/891.6020294484948 = 39.0% done in 408.2s, 638.9s to go
on time step 139027 (time=347.567), 0.00286669 s/step
Meep progress: 351.04/891.6020294484948 = 39.4% done in 412.2s, 634.7s to go
on time step 140416 (time=351.04), 0.00288044 s/step
Meep progress: 354.4825/891.6020294484948 = 39.8% done in 416.2s, 630.6s to go
on time step 141793 (time=354.483), 0.00290673 s/step
Meep progress: 357.96/891.6020294484948 = 40.1% done in 420.2s, 626.4s to go
on time step 143184 (time=357.96), 0.00287761 s/step
Meep progress: 361.45/891.6020294484948 = 40.5% done in 424.2s, 622.1s to go
on time step 144580 (time=361.45), 0.00286717 s/step
Meep progress: 364.92/891.6020294484948 = 40.9% done in 428.2s, 618.0s to go
on time step 145968 (time=364.92), 0.00288188 s/step
Meep progress: 368.41/891.6020294484948 = 41.3% done in 432.2s, 613.7s to go
on time step 147364 (time=368.41), 0.00286535 s/step
Meep progress: 371.875/891.6020294484948 = 41.7% done in 436.2s, 609.6s to go
on time step 148750 (time=371.875), 0.00288745 s/step
Meep progress: 375.345/891.6020294484948 = 42.1% done in 440.2s, 605.4s to go
on time step 150138 (time=375.345), 0.00288218 s/step
Meep progress: 378.8275/891.6020294484948 = 42.5% done in 444.2s, 601.2s to go
on time step 151531 (time=378.827), 0.00287193 s/step
Meep progress: 382.3175/891.6020294484948 = 42.9% done in 448.2s, 597.0s to go
on time step 152927 (time=382.317), 0.00286649 s/step
Meep progress: 385.7825/891.6020294484948 = 43.3% done in 452.2s, 592.9s to go
on time step 154313 (time=385.783), 0.00288716 s/step
Meep progress: 389.25/891.6020294484948 = 43.7% done in 456.2s, 588.7s to go
on time step 155700 (time=389.25), 0.00288411 s/step
Meep progress: 392.7325/891.6020294484948 = 44.0% done in 460.2s, 584.5s to go
on time step 157093 (time=392.733), 0.00287155 s/step
Meep progress: 396.22/891.6020294484948 = 44.4% done in 464.2s, 580.3s to go
on time step 158488 (time=396.22), 0.00286775 s/step
Meep progress: 399.7075/891.6020294484948 = 44.8% done in 468.2s, 576.2s to go
on time step 159883 (time=399.707), 0.00286913 s/step
Meep progress: 403.1975/891.6020294484948 = 45.2% done in 472.2s, 572.0s to go
on time step 161279 (time=403.197), 0.00286594 s/step
Meep progress: 406.685/891.6020294484948 = 45.6% done in 476.2s, 567.8s to go
on time step 162674 (time=406.685), 0.00286868 s/step
Meep progress: 410.1725/891.6020294484948 = 46.0% done in 480.2s, 563.6s to go
on time step 164069 (time=410.173), 0.00286827 s/step
Meep progress: 413.6625/891.6020294484948 = 46.4% done in 484.2s, 559.4s to go
on time step 165465 (time=413.663), 0.0028656 s/step
Meep progress: 417.15250000000003/891.6020294484948 = 46.8% done in 488.2s, 555.2s to go
on time step 166861 (time=417.153), 0.00286554 s/step
Meep progress: 420.645/891.6020294484948 = 47.2% done in 492.2s, 551.0s to go
on time step 168258 (time=420.645), 0.00286484 s/step
Meep progress: 424.1375/891.6020294484948 = 47.6% done in 496.2s, 546.9s to go
on time step 169655 (time=424.137), 0.00286334 s/step
Meep progress: 427.62/891.6020294484948 = 48.0% done in 500.2s, 542.7s to go
on time step 171048 (time=427.62), 0.002872 s/step
Meep progress: 431.09250000000003/891.6020294484948 = 48.4% done in 504.2s, 538.6s to go
on time step 172437 (time=431.093), 0.00288051 s/step
Meep progress: 434.5775/891.6020294484948 = 48.7% done in 508.2s, 534.4s to go
on time step 173831 (time=434.577), 0.00287045 s/step
Meep progress: 438.0725/891.6020294484948 = 49.1% done in 512.2s, 530.3s to go
on time step 175229 (time=438.072), 0.00286279 s/step
Meep progress: 441.55/891.6020294484948 = 49.5% done in 516.2s, 526.1s to go
on time step 176620 (time=441.55), 0.00287665 s/step
Meep progress: 445.04/891.6020294484948 = 49.9% done in 520.2s, 522.0s to go
on time step 178016 (time=445.04), 0.00286629 s/step
Meep progress: 448.505/891.6020294484948 = 50.3% done in 524.2s, 517.9s to go
on time step 179402 (time=448.505), 0.00288616 s/step
Meep progress: 451.9975/891.6020294484948 = 50.7% done in 528.2s, 513.7s to go
on time step 180799 (time=451.998), 0.00286352 s/step
Meep progress: 455.485/891.6020294484948 = 51.1% done in 532.2s, 509.6s to go
on time step 182194 (time=455.485), 0.00286754 s/step
Meep progress: 458.975/891.6020294484948 = 51.5% done in 536.2s, 505.4s to go
on time step 183590 (time=458.975), 0.00286569 s/step
Meep progress: 462.46250000000003/891.6020294484948 = 51.9% done in 540.2s, 501.3s to go
on time step 184985 (time=462.463), 0.00286788 s/step
Meep progress: 465.95/891.6020294484948 = 52.3% done in 544.2s, 497.1s to go
on time step 186380 (time=465.95), 0.00286884 s/step
Meep progress: 469.44/891.6020294484948 = 52.7% done in 548.2s, 493.0s to go
on time step 187776 (time=469.44), 0.00286713 s/step
Meep progress: 472.93/891.6020294484948 = 53.0% done in 552.2s, 488.8s to go
on time step 189172 (time=472.93), 0.00286637 s/step
Meep progress: 476.4225/891.6020294484948 = 53.4% done in 556.2s, 484.7s to go
on time step 190569 (time=476.423), 0.00286418 s/step
Meep progress: 479.9125/891.6020294484948 = 53.8% done in 560.2s, 480.6s to go
on time step 191965 (time=479.913), 0.00286551 s/step
Meep progress: 483.40000000000003/891.6020294484948 = 54.2% done in 564.2s, 476.4s to go
on time step 193360 (time=483.4), 0.00286821 s/step
Meep progress: 486.8875/891.6020294484948 = 54.6% done in 568.2s, 472.3s to go
on time step 194755 (time=486.887), 0.0028677 s/step
Meep progress: 490.3825/891.6020294484948 = 55.0% done in 572.2s, 468.2s to go
on time step 196153 (time=490.382), 0.00286322 s/step
Meep progress: 493.87/891.6020294484948 = 55.4% done in 576.2s, 464.0s to go
on time step 197548 (time=493.87), 0.00286755 s/step
Meep progress: 497.355/891.6020294484948 = 55.8% done in 580.2s, 459.9s to go
on time step 198942 (time=497.355), 0.00287038 s/step
Meep progress: 500.8475/891.6020294484948 = 56.2% done in 584.2s, 455.8s to go
on time step 200339 (time=500.848), 0.00286494 s/step
Meep progress: 504.34000000000003/891.6020294484948 = 56.6% done in 588.2s, 451.7s to go
on time step 201736 (time=504.34), 0.00286492 s/step
Meep progress: 507.83/891.6020294484948 = 57.0% done in 592.2s, 447.5s to go
on time step 203132 (time=507.83), 0.00286731 s/step
Meep progress: 511.3175/891.6020294484948 = 57.3% done in 596.2s, 443.4s to go
on time step 204527 (time=511.317), 0.0028677 s/step
Meep progress: 514.8025/891.6020294484948 = 57.7% done in 600.2s, 439.3s to go
on time step 205921 (time=514.803), 0.00287085 s/step
Meep progress: 518.2925/891.6020294484948 = 58.1% done in 604.2s, 435.2s to go
on time step 207317 (time=518.293), 0.00286628 s/step
Meep progress: 521.78/891.6020294484948 = 58.5% done in 608.2s, 431.1s to go
on time step 208712 (time=521.78), 0.0028686 s/step
Meep progress: 525.2725/891.6020294484948 = 58.9% done in 612.2s, 427.0s to go
on time step 210109 (time=525.273), 0.00286344 s/step
Meep progress: 528.765/891.6020294484948 = 59.3% done in 616.2s, 422.8s to go
on time step 211506 (time=528.765), 0.00286533 s/step
Meep progress: 532.2525/891.6020294484948 = 59.7% done in 620.2s, 418.7s to go
on time step 212901 (time=532.253), 0.00286795 s/step
Meep progress: 535.7375/891.6020294484948 = 60.1% done in 624.2s, 414.6s to go
on time step 214295 (time=535.737), 0.00287028 s/step
Meep progress: 539.2275/891.6020294484948 = 60.5% done in 628.2s, 410.5s to go
on time step 215691 (time=539.227), 0.00286609 s/step
Meep progress: 542.715/891.6020294484948 = 60.9% done in 632.2s, 406.4s to go
on time step 217086 (time=542.715), 0.00286742 s/step
Meep progress: 546.2075/891.6020294484948 = 61.3% done in 636.2s, 402.3s to go
on time step 218483 (time=546.207), 0.00286516 s/step
Meep progress: 549.6925/891.6020294484948 = 61.7% done in 640.2s, 398.2s to go
on time step 219877 (time=549.692), 0.00286968 s/step
Meep progress: 553.1850000000001/891.6020294484948 = 62.0% done in 644.2s, 394.1s to go
on time step 221274 (time=553.185), 0.0028651 s/step
Meep progress: 556.6750000000001/891.6020294484948 = 62.4% done in 648.2s, 390.0s to go
on time step 222670 (time=556.675), 0.00286685 s/step
Meep progress: 560.1675/891.6020294484948 = 62.8% done in 652.2s, 385.9s to go
on time step 224067 (time=560.168), 0.0028652 s/step
Meep progress: 563.65/891.6020294484948 = 63.2% done in 656.2s, 381.8s to go
on time step 225460 (time=563.65), 0.00287339 s/step
Meep progress: 567.14/891.6020294484948 = 63.6% done in 660.2s, 377.7s to go
on time step 226856 (time=567.14), 0.00286695 s/step
Meep progress: 570.6275/891.6020294484948 = 64.0% done in 664.2s, 373.6s to go
on time step 228251 (time=570.628), 0.00286758 s/step
Meep progress: 574.115/891.6020294484948 = 64.4% done in 668.2s, 369.5s to go
on time step 229646 (time=574.115), 0.00286764 s/step
Meep progress: 577.605/891.6020294484948 = 64.8% done in 672.2s, 365.4s to go
on time step 231042 (time=577.605), 0.00286576 s/step
Meep progress: 581.0975/891.6020294484948 = 65.2% done in 676.2s, 361.3s to go
on time step 232439 (time=581.097), 0.00286416 s/step
Meep progress: 584.585/891.6020294484948 = 65.6% done in 680.2s, 357.3s to go
on time step 233834 (time=584.585), 0.00286771 s/step
Meep progress: 588.075/891.6020294484948 = 66.0% done in 684.2s, 353.2s to go
on time step 235230 (time=588.075), 0.00286729 s/step
Meep progress: 591.565/891.6020294484948 = 66.3% done in 688.2s, 349.1s to go
on time step 236626 (time=591.565), 0.00286722 s/step
Meep progress: 595.04/891.6020294484948 = 66.7% done in 692.2s, 345.0s to go
on time step 238016 (time=595.04), 0.00287838 s/step
Meep progress: 598.5275/891.6020294484948 = 67.1% done in 696.2s, 340.9s to go
on time step 239411 (time=598.528), 0.00286768 s/step
Meep progress: 602.02/891.6020294484948 = 67.5% done in 700.3s, 336.8s to go
on time step 240808 (time=602.02), 0.00286524 s/step
Meep progress: 605.5125/891.6020294484948 = 67.9% done in 704.3s, 332.7s to go
on time step 242205 (time=605.513), 0.00286336 s/step
Meep progress: 609.0075/891.6020294484948 = 68.3% done in 708.3s, 328.6s to go
on time step 243603 (time=609.008), 0.0028631 s/step
Meep progress: 612.5025/891.6020294484948 = 68.7% done in 712.3s, 324.6s to go
on time step 245001 (time=612.503), 0.00286288 s/step
Meep progress: 615.9925000000001/891.6020294484948 = 69.1% done in 716.3s, 320.5s to go
on time step 246397 (time=615.993), 0.00286738 s/step
Meep progress: 619.485/891.6020294484948 = 69.5% done in 720.3s, 316.4s to go
on time step 247794 (time=619.485), 0.00286487 s/step
Meep progress: 622.98/891.6020294484948 = 69.9% done in 724.3s, 312.3s to go
on time step 249192 (time=622.98), 0.00286257 s/step
Meep progress: 626.4725/891.6020294484948 = 70.3% done in 728.3s, 308.2s to go
on time step 250589 (time=626.472), 0.00286402 s/step
Meep progress: 629.9675/891.6020294484948 = 70.7% done in 732.3s, 304.1s to go
on time step 251987 (time=629.967), 0.00286259 s/step
Meep progress: 633.45/891.6020294484948 = 71.0% done in 736.3s, 300.1s to go
on time step 253380 (time=633.45), 0.00287279 s/step
Meep progress: 636.945/891.6020294484948 = 71.4% done in 740.3s, 296.0s to go
on time step 254778 (time=636.945), 0.00286324 s/step
Meep progress: 640.44/891.6020294484948 = 71.8% done in 744.3s, 291.9s to go
on time step 256176 (time=640.44), 0.00286255 s/step
Meep progress: 643.9350000000001/891.6020294484948 = 72.2% done in 748.3s, 287.8s to go
on time step 257574 (time=643.935), 0.00286269 s/step
Meep progress: 647.4300000000001/891.6020294484948 = 72.6% done in 752.3s, 283.7s to go
on time step 258972 (time=647.43), 0.00286192 s/step
Meep progress: 650.9250000000001/891.6020294484948 = 73.0% done in 756.3s, 279.6s to go
on time step 260370 (time=650.925), 0.00286192 s/step
Meep progress: 654.4125/891.6020294484948 = 73.4% done in 760.3s, 275.6s to go
on time step 261765 (time=654.413), 0.00286848 s/step
Meep progress: 657.905/891.6020294484948 = 73.8% done in 764.3s, 271.5s to go
on time step 263162 (time=657.905), 0.00286332 s/step
Meep progress: 661.4025/891.6020294484948 = 74.2% done in 768.3s, 267.4s to go
on time step 264561 (time=661.403), 0.0028608 s/step
Meep progress: 664.8925/891.6020294484948 = 74.6% done in 772.3s, 263.3s to go
on time step 265957 (time=664.893), 0.00286535 s/step
Meep progress: 668.3825/891.6020294484948 = 75.0% done in 776.3s, 259.3s to go
on time step 267353 (time=668.383), 0.00286643 s/step
Meep progress: 671.875/891.6020294484948 = 75.4% done in 780.3s, 255.2s to go
on time step 268750 (time=671.875), 0.0028651 s/step
Meep progress: 675.3725000000001/891.6020294484948 = 75.7% done in 784.3s, 251.1s to go
on time step 270149 (time=675.373), 0.00285968 s/step
Meep progress: 678.865/891.6020294484948 = 76.1% done in 788.3s, 247.0s to go
on time step 271546 (time=678.865), 0.00286465 s/step
Meep progress: 682.365/891.6020294484948 = 76.5% done in 792.3s, 242.9s to go
on time step 272946 (time=682.365), 0.00285835 s/step
Meep progress: 685.86/891.6020294484948 = 76.9% done in 796.3s, 238.9s to go
on time step 274344 (time=685.86), 0.00286168 s/step
Meep progress: 689.3575/891.6020294484948 = 77.3% done in 800.3s, 234.8s to go
on time step 275743 (time=689.357), 0.00286111 s/step
Meep progress: 692.85/891.6020294484948 = 77.7% done in 804.3s, 230.7s to go
on time step 277140 (time=692.85), 0.00286377 s/step
Meep progress: 696.3425/891.6020294484948 = 78.1% done in 808.3s, 226.7s to go
on time step 278537 (time=696.342), 0.00286338 s/step
Meep progress: 699.835/891.6020294484948 = 78.5% done in 812.3s, 222.6s to go
on time step 279934 (time=699.835), 0.00286432 s/step
Meep progress: 703.3175/891.6020294484948 = 78.9% done in 816.3s, 218.5s to go
on time step 281327 (time=703.317), 0.00287269 s/step
Meep progress: 706.8100000000001/891.6020294484948 = 79.3% done in 820.3s, 214.5s to go
on time step 282724 (time=706.81), 0.00286516 s/step
Meep progress: 710.3050000000001/891.6020294484948 = 79.7% done in 824.3s, 210.4s to go
on time step 284122 (time=710.305), 0.00286224 s/step
Meep progress: 713.7775/891.6020294484948 = 80.1% done in 828.3s, 206.4s to go
on time step 285511 (time=713.778), 0.00288072 s/step
Meep progress: 717.275/891.6020294484948 = 80.4% done in 832.3s, 202.3s to go
on time step 286910 (time=717.275), 0.00286093 s/step
Meep progress: 720.765/891.6020294484948 = 80.8% done in 836.3s, 198.2s to go
on time step 288306 (time=720.765), 0.00286588 s/step
Meep progress: 724.26/891.6020294484948 = 81.2% done in 840.3s, 194.2s to go
on time step 289704 (time=724.26), 0.00286282 s/step
Meep progress: 727.75/891.6020294484948 = 81.6% done in 844.3s, 190.1s to go
on time step 291100 (time=727.75), 0.00286651 s/step
Meep progress: 731.24/891.6020294484948 = 82.0% done in 848.3s, 186.0s to go
on time step 292496 (time=731.24), 0.00286557 s/step
Meep progress: 734.735/891.6020294484948 = 82.4% done in 852.3s, 182.0s to go
on time step 293894 (time=734.735), 0.0028621 s/step
Meep progress: 738.2325/891.6020294484948 = 82.8% done in 856.3s, 177.9s to go
on time step 295293 (time=738.232), 0.00286021 s/step
Meep progress: 741.725/891.6020294484948 = 83.2% done in 860.3s, 173.8s to go
on time step 296690 (time=741.725), 0.00286414 s/step
Meep progress: 745.2175/891.6020294484948 = 83.6% done in 864.3s, 169.8s to go
on time step 298087 (time=745.217), 0.00286448 s/step
Meep progress: 748.7125/891.6020294484948 = 84.0% done in 868.3s, 165.7s to go
on time step 299485 (time=748.712), 0.00286209 s/step
Meep progress: 752.2075/891.6020294484948 = 84.4% done in 872.3s, 161.7s to go
on time step 300883 (time=752.207), 0.00286164 s/step
Meep progress: 755.7/891.6020294484948 = 84.8% done in 876.3s, 157.6s to go
on time step 302280 (time=755.7), 0.00286404 s/step
Meep progress: 759.1925/891.6020294484948 = 85.1% done in 880.3s, 153.5s to go
on time step 303677 (time=759.192), 0.00286366 s/step
Meep progress: 762.6850000000001/891.6020294484948 = 85.5% done in 884.3s, 149.5s to go
on time step 305074 (time=762.685), 0.00286355 s/step
Meep progress: 766.1775/891.6020294484948 = 85.9% done in 888.3s, 145.4s to go
on time step 306471 (time=766.178), 0.00286347 s/step
Meep progress: 769.6750000000001/891.6020294484948 = 86.3% done in 892.3s, 141.4s to go
on time step 307870 (time=769.675), 0.00286073 s/step
Meep progress: 773.165/891.6020294484948 = 86.7% done in 896.3s, 137.3s to go
on time step 309266 (time=773.165), 0.00286661 s/step
Meep progress: 776.6575/891.6020294484948 = 87.1% done in 900.3s, 133.2s to go
on time step 310663 (time=776.658), 0.00286488 s/step
Meep progress: 780.15/891.6020294484948 = 87.5% done in 904.3s, 129.2s to go
on time step 312060 (time=780.15), 0.00286502 s/step
Meep progress: 783.64/891.6020294484948 = 87.9% done in 908.3s, 125.1s to go
on time step 313456 (time=783.64), 0.00286715 s/step
Meep progress: 787.13/891.6020294484948 = 88.3% done in 912.3s, 121.1s to go
on time step 314852 (time=787.13), 0.0028659 s/step
Meep progress: 790.625/891.6020294484948 = 88.7% done in 916.3s, 117.0s to go
on time step 316250 (time=790.625), 0.00286296 s/step
Meep progress: 794.115/891.6020294484948 = 89.1% done in 920.3s, 113.0s to go
on time step 317646 (time=794.115), 0.00286618 s/step
Meep progress: 797.6/891.6020294484948 = 89.5% done in 924.3s, 108.9s to go
on time step 319040 (time=797.6), 0.00287028 s/step
Meep progress: 801.09/891.6020294484948 = 89.8% done in 928.3s, 104.9s to go
on time step 320436 (time=801.09), 0.00286565 s/step
Meep progress: 804.5825/891.6020294484948 = 90.2% done in 932.3s, 100.8s to go
on time step 321833 (time=804.582), 0.00286415 s/step
Meep progress: 808.0725/891.6020294484948 = 90.6% done in 936.3s, 96.8s to go
on time step 323229 (time=808.072), 0.00286738 s/step
Meep progress: 811.5625/891.6020294484948 = 91.0% done in 940.3s, 92.7s to go
on time step 324625 (time=811.562), 0.0028661 s/step
Meep progress: 815.0525/891.6020294484948 = 91.4% done in 944.3s, 88.7s to go
on time step 326021 (time=815.053), 0.00286658 s/step
Meep progress: 818.5325/891.6020294484948 = 91.8% done in 948.3s, 84.7s to go
on time step 327413 (time=818.533), 0.0028753 s/step
Meep progress: 822.015/891.6020294484948 = 92.2% done in 952.3s, 80.6s to go
on time step 328806 (time=822.015), 0.0028732 s/step
Meep progress: 825.5025/891.6020294484948 = 92.6% done in 956.3s, 76.6s to go
on time step 330201 (time=825.503), 0.00286766 s/step
Meep progress: 828.985/891.6020294484948 = 93.0% done in 960.4s, 72.5s to go
on time step 331594 (time=828.985), 0.00287325 s/step
Meep progress: 832.4775/891.6020294484948 = 93.4% done in 964.4s, 68.5s to go
on time step 332991 (time=832.477), 0.00286439 s/step
Meep progress: 835.96/891.6020294484948 = 93.8% done in 968.4s, 64.5s to go
on time step 334384 (time=835.96), 0.00287158 s/step
Meep progress: 839.4525/891.6020294484948 = 94.2% done in 972.4s, 60.4s to go
on time step 335781 (time=839.452), 0.00286472 s/step
Meep progress: 842.9425/891.6020294484948 = 94.5% done in 976.4s, 56.4s to go
on time step 337177 (time=842.942), 0.00286613 s/step
Meep progress: 846.4325/891.6020294484948 = 94.9% done in 980.4s, 52.3s to go
on time step 338573 (time=846.433), 0.00286558 s/step
Meep progress: 849.9175/891.6020294484948 = 95.3% done in 984.4s, 48.3s to go
on time step 339967 (time=849.918), 0.00287046 s/step
Meep progress: 853.375/891.6020294484948 = 95.7% done in 988.4s, 44.3s to go
on time step 341350 (time=853.375), 0.00289298 s/step
Meep progress: 856.865/891.6020294484948 = 96.1% done in 992.4s, 40.2s to go
on time step 342746 (time=856.865), 0.00286691 s/step
Meep progress: 860.34/891.6020294484948 = 96.5% done in 996.4s, 36.2s to go
on time step 344136 (time=860.34), 0.00287916 s/step
Meep progress: 863.8225/891.6020294484948 = 96.9% done in 1000.4s, 32.2s to go
on time step 345529 (time=863.822), 0.00287286 s/step
Meep progress: 867.285/891.6020294484948 = 97.3% done in 1004.4s, 28.2s to go
on time step 346914 (time=867.285), 0.00288948 s/step
Meep progress: 870.7725/891.6020294484948 = 97.7% done in 1008.4s, 24.1s to go
on time step 348309 (time=870.773), 0.00286756 s/step
Meep progress: 874.2625/891.6020294484948 = 98.1% done in 1012.4s, 20.1s to go
on time step 349705 (time=874.263), 0.00286685 s/step
Meep progress: 877.7475000000001/891.6020294484948 = 98.4% done in 1016.4s, 16.0s to go
on time step 351099 (time=877.748), 0.00287004 s/step
Meep progress: 881.235/891.6020294484948 = 98.8% done in 1020.4s, 12.0s to go
on time step 352494 (time=881.235), 0.00286896 s/step
Meep progress: 884.725/891.6020294484948 = 99.2% done in 1024.4s, 8.0s to go
on time step 353890 (time=884.725), 0.00286709 s/step
Meep progress: 888.1800000000001/891.6020294484948 = 99.6% done in 1028.4s, 4.0s to go
on time step 355272 (time=888.18), 0.0028956 s/step
ldos0:, 0.678405506163973, 154.20084087673513
run 0 finished at t = 891.6025 (356641 timesteps)

Elapsed run time = 1033.15 s
