command-line param: w=0.4
-----------
Initializing structure...
Working in 2D dimensions.
Computational cell is 4 x 4 x 0 with resolution 200
     block, center = (0,0,0)
          size (1.2,1.2,1e+20)
          axes (1,0,0), (0,1,0), (0,0,1)
     block, center = (0,0,0)
          size (1,1,1e+20)
          axes (1,0,0), (0,1,0), (0,0,1)
          dielectric constant epsilon diagonal = (1,1,1)
     block, center = (0.5,0,0)
          size (0.2,0.4,1e+20)
          axes (1,0,0), (0,1,0), (0,0,1)
          dielectric constant epsilon diagonal = (1,1,1)
Halving computational cell along direction y
time for set_epsilon = 0.680643 s
-----------
Meep progress: 1.7775/550.0 = 0.3% done in 4.0s, 1234.5s to go
on time step 711 (time=1.7775), 0.00563002 s/step
Meep progress: 3.5025/550.0 = 0.6% done in 8.0s, 1249.1s to go
on time step 1401 (time=3.5025), 0.00580094 s/step
Meep progress: 5.3100000000000005/550.0 = 1.0% done in 12.0s, 1232.1s to go
on time step 2124 (time=5.31), 0.00554003 s/step
Meep progress: 7.1075/550.0 = 1.3% done in 16.0s, 1223.2s to go
on time step 2843 (time=7.1075), 0.0055673 s/step
Meep progress: 8.9/550.0 = 1.6% done in 20.0s, 1216.9s to go
on time step 3560 (time=8.9), 0.00558086 s/step
Meep progress: 10.7075/550.0 = 1.9% done in 24.0s, 1209.8s to go
on time step 4283 (time=10.7075), 0.00553954 s/step
Meep progress: 12.512500000000001/550.0 = 2.3% done in 28.0s, 1203.8s to go
on time step 5005 (time=12.5125), 0.00554361 s/step
Meep progress: 14.3175/550.0 = 2.6% done in 32.0s, 1198.3s to go
on time step 5727 (time=14.3175), 0.00554627 s/step
Meep progress: 16.1225/550.0 = 2.9% done in 36.0s, 1193.2s to go
on time step 6449 (time=16.1225), 0.00554755 s/step
Meep progress: 17.927500000000002/550.0 = 3.3% done in 40.0s, 1188.2s to go
on time step 7171 (time=17.9275), 0.00554459 s/step
Meep progress: 19.7325/550.0 = 3.6% done in 44.0s, 1183.5s to go
on time step 7893 (time=19.7325), 0.00554661 s/step
Meep progress: 21.54/550.0 = 3.9% done in 48.0s, 1178.7s to go
on time step 8616 (time=21.54), 0.00553438 s/step
Meep progress: 23.355/550.0 = 4.2% done in 52.0s, 1173.6s to go
on time step 9342 (time=23.355), 0.00551313 s/step
Meep progress: 25.17/550.0 = 4.6% done in 56.0s, 1168.7s to go
on time step 10068 (time=25.17), 0.00551675 s/step
Meep progress: 26.985/550.0 = 4.9% done in 60.1s, 1164.0s to go
on time step 10794 (time=26.985), 0.00551572 s/step
Meep progress: 28.8/550.0 = 5.2% done in 64.1s, 1159.3s to go
on time step 11520 (time=28.8), 0.00551386 s/step
Meep progress: 30.615000000000002/550.0 = 5.6% done in 68.1s, 1154.7s to go
on time step 12246 (time=30.615), 0.00551645 s/step
Meep progress: 32.43/550.0 = 5.9% done in 72.1s, 1150.1s to go
on time step 12972 (time=32.43), 0.00551173 s/step
Meep progress: 34.2425/550.0 = 6.2% done in 76.1s, 1145.7s to go
on time step 13697 (time=34.2425), 0.0055191 s/step
Meep progress: 36.0575/550.0 = 6.6% done in 80.1s, 1141.3s to go
on time step 14423 (time=36.0575), 0.0055162 s/step
Meep progress: 37.8725/550.0 = 6.9% done in 84.1s, 1136.8s to go
on time step 15149 (time=37.8725), 0.00550965 s/step
Meep progress: 39.685/550.0 = 7.2% done in 88.1s, 1132.5s to go
on time step 15874 (time=39.685), 0.00551841 s/step
Meep progress: 41.5/550.0 = 7.5% done in 92.1s, 1128.2s to go
on time step 16600 (time=41.5), 0.00551229 s/step
Meep progress: 43.3175/550.0 = 7.9% done in 96.1s, 1123.8s to go
on time step 17327 (time=43.3175), 0.00550733 s/step
Meep progress: 45.13/550.0 = 8.2% done in 100.1s, 1119.6s to go
on time step 18052 (time=45.13), 0.00551895 s/step
Meep progress: 46.945/550.0 = 8.5% done in 104.1s, 1115.3s to go
on time step 18778 (time=46.945), 0.00551248 s/step
Meep progress: 48.7575/550.0 = 8.9% done in 108.1s, 1111.1s to go
on time step 19503 (time=48.7575), 0.00552091 s/step
Meep progress: 50.565/550.0 = 9.2% done in 112.1s, 1107.1s to go
on time step 20226 (time=50.565), 0.00553963 s/step
Meep progress: 52.3575/550.0 = 9.5% done in 116.1s, 1103.4s to go
on time step 20943 (time=52.3575), 0.00558525 s/step
Meep progress: 54.15/550.0 = 9.8% done in 120.1s, 1099.7s to go
on time step 21660 (time=54.15), 0.00558357 s/step
Meep progress: 55.94/550.0 = 10.2% done in 124.1s, 1096.0s to go
on time step 22376 (time=55.94), 0.00558697 s/step
Meep progress: 57.730000000000004/550.0 = 10.5% done in 128.1s, 1092.3s to go
on time step 23092 (time=57.73), 0.00559104 s/step
Meep progress: 59.52/550.0 = 10.8% done in 132.1s, 1088.6s to go
on time step 23808 (time=59.52), 0.00558975 s/step
Meep progress: 61.295/550.0 = 11.1% done in 136.1s, 1085.2s to go
on time step 24518 (time=61.295), 0.00563663 s/step
Meep progress: 63.0675/550.0 = 11.5% done in 140.1s, 1081.7s to go
on time step 25227 (time=63.0675), 0.00564191 s/step
Meep progress: 64.8575/550.0 = 11.8% done in 144.1s, 1077.9s to go
on time step 25943 (time=64.8575), 0.00558882 s/step
Meep progress: 66.65/550.0 = 12.1% done in 148.1s, 1074.1s to go
on time step 26660 (time=66.65), 0.00558178 s/step
Meep progress: 68.4425/550.0 = 12.4% done in 152.1s, 1070.2s to go
on time step 27377 (time=68.4425), 0.00558365 s/step
Meep progress: 70.235/550.0 = 12.8% done in 156.1s, 1066.4s to go
on time step 28094 (time=70.235), 0.00558436 s/step
Meep progress: 72.0275/550.0 = 13.1% done in 160.1s, 1062.5s to go
on time step 28811 (time=72.0275), 0.00558178 s/step
Meep progress: 73.8175/550.0 = 13.4% done in 164.1s, 1058.7s to go
on time step 29527 (time=73.8175), 0.00559112 s/step
Meep progress: 75.61/550.0 = 13.7% done in 168.1s, 1054.8s to go
on time step 30244 (time=75.61), 0.00557956 s/step
Meep progress: 77.4025/550.0 = 14.1% done in 172.1s, 1050.9s to go
on time step 30961 (time=77.4025), 0.00558243 s/step
Meep progress: 79.1925/550.0 = 14.4% done in 176.1s, 1047.1s to go
on time step 31677 (time=79.1925), 0.00559219 s/step
Meep progress: 80.985/550.0 = 14.7% done in 180.1s, 1043.2s to go
on time step 32394 (time=80.985), 0.0055801 s/step
Meep progress: 82.775/550.0 = 15.0% done in 184.1s, 1039.3s to go
on time step 33110 (time=82.775), 0.00559002 s/step
Meep progress: 84.5675/550.0 = 15.4% done in 188.1s, 1035.4s to go
on time step 33827 (time=84.5675), 0.00558335 s/step
Meep progress: 86.3575/550.0 = 15.7% done in 192.1s, 1031.6s to go
on time step 34543 (time=86.3575), 0.00558832 s/step
Meep progress: 88.15/550.0 = 16.0% done in 196.1s, 1027.6s to go
on time step 35260 (time=88.15), 0.00558363 s/step
Meep progress: 89.9425/550.0 = 16.4% done in 200.1s, 1023.7s to go
on time step 35977 (time=89.9425), 0.00558413 s/step
Meep progress: 91.735/550.0 = 16.7% done in 204.1s, 1019.8s to go
on time step 36694 (time=91.735), 0.00558619 s/step
Meep progress: 93.5275/550.0 = 17.0% done in 208.2s, 1015.9s to go
on time step 37411 (time=93.5275), 0.00558418 s/step
Meep progress: 95.3175/550.0 = 17.3% done in 212.2s, 1012.0s to go
on time step 38127 (time=95.3175), 0.00559354 s/step
Meep progress: 97.1125/550.0 = 17.7% done in 216.2s, 1008.1s to go
on time step 38845 (time=97.1125), 0.00557874 s/step
Meep progress: 98.9025/550.0 = 18.0% done in 220.2s, 1004.2s to go
on time step 39561 (time=98.9025), 0.00559109 s/step
Meep progress: 100.69500000000001/550.0 = 18.3% done in 224.2s, 1000.3s to go
on time step 40278 (time=100.695), 0.00558408 s/step
Meep progress: 102.485/550.0 = 18.6% done in 228.2s, 996.3s to go
on time step 40994 (time=102.485), 0.00558848 s/step
Meep progress: 104.2775/550.0 = 19.0% done in 232.2s, 992.4s to go
on time step 41711 (time=104.278), 0.00558355 s/step
Meep progress: 106.065/550.0 = 19.3% done in 236.2s, 988.5s to go
on time step 42426 (time=106.065), 0.00559571 s/step
Meep progress: 107.8575/550.0 = 19.6% done in 240.2s, 984.6s to go
on time step 43143 (time=107.858), 0.00557981 s/step
Meep progress: 109.65/550.0 = 19.9% done in 244.2s, 980.6s to go
on time step 43860 (time=109.65), 0.00558567 s/step
Meep progress: 111.4375/550.0 = 20.3% done in 248.2s, 976.7s to go
on time step 44575 (time=111.438), 0.00559592 s/step
Meep progress: 113.2275/550.0 = 20.6% done in 252.2s, 972.8s to go
on time step 45291 (time=113.228), 0.0055909 s/step
Meep progress: 115.0/550.0 = 20.9% done in 256.2s, 969.1s to go
on time step 46000 (time=115), 0.00564418 s/step
Meep progress: 116.775/550.0 = 21.2% done in 260.2s, 965.3s to go
on time step 46710 (time=116.775), 0.00564115 s/step
Meep progress: 118.565/550.0 = 21.6% done in 264.2s, 961.4s to go
on time step 47426 (time=118.565), 0.00558905 s/step
Meep progress: 120.3575/550.0 = 21.9% done in 268.2s, 957.4s to go
on time step 48143 (time=120.358), 0.00558219 s/step
Meep progress: 122.14750000000001/550.0 = 22.2% done in 272.2s, 953.5s to go
on time step 48859 (time=122.148), 0.00559312 s/step
Meep progress: 123.9375/550.0 = 22.5% done in 276.2s, 949.5s to go
on time step 49575 (time=123.938), 0.00558837 s/step
Meep progress: 125.73/550.0 = 22.9% done in 280.2s, 945.5s to go
on time step 50292 (time=125.73), 0.00558452 s/step
Meep progress: 127.52/550.0 = 23.2% done in 284.2s, 941.6s to go
on time step 51008 (time=127.52), 0.00559328 s/step
Meep progress: 129.3125/550.0 = 23.5% done in 288.2s, 937.6s to go
on time step 51725 (time=129.312), 0.00558269 s/step
Meep progress: 131.1/550.0 = 23.8% done in 292.2s, 933.7s to go
on time step 52440 (time=131.1), 0.00559537 s/step
Meep progress: 132.8925/550.0 = 24.2% done in 296.2s, 929.7s to go
on time step 53157 (time=132.893), 0.0055842 s/step
Meep progress: 134.4975/550.0 = 24.5% done in 300.2s, 927.5s to go
on time step 53799 (time=134.498), 0.00623581 s/step
Meep progress: 135.86/550.0 = 24.7% done in 304.2s, 927.4s to go
on time step 54344 (time=135.86), 0.00734324 s/step
Meep progress: 137.4625/550.0 = 25.0% done in 308.2s, 925.0s to go
on time step 54985 (time=137.463), 0.00624402 s/step
Meep progress: 139.2875/550.0 = 25.3% done in 312.2s, 920.7s to go
on time step 55715 (time=139.287), 0.00547976 s/step
Meep progress: 141.09/550.0 = 25.7% done in 316.2s, 916.5s to go
on time step 56436 (time=141.09), 0.00554887 s/step
Meep progress: 142.8075/550.0 = 26.0% done in 320.2s, 913.1s to go
on time step 57123 (time=142.808), 0.00582701 s/step
Meep progress: 144.5925/550.0 = 26.3% done in 324.2s, 909.1s to go
on time step 57837 (time=144.593), 0.00560524 s/step
Meep progress: 146.29500000000002/550.0 = 26.6% done in 328.2s, 905.8s to go
on time step 58518 (time=146.295), 0.00587502 s/step
Meep progress: 148.06/550.0 = 26.9% done in 332.2s, 901.9s to go
on time step 59224 (time=148.06), 0.00566647 s/step
Meep progress: 149.8375/550.0 = 27.2% done in 336.2s, 898.0s to go
on time step 59935 (time=149.838), 0.00563006 s/step
Meep progress: 151.62/550.0 = 27.6% done in 340.2s, 894.0s to go
on time step 60648 (time=151.62), 0.00561534 s/step
Meep progress: 153.3975/550.0 = 27.9% done in 344.2s, 890.0s to go
on time step 61359 (time=153.398), 0.0056308 s/step
Meep progress: 155.1725/550.0 = 28.2% done in 348.2s, 886.1s to go
on time step 62069 (time=155.173), 0.00563489 s/step
Meep progress: 156.9325/550.0 = 28.5% done in 352.3s, 882.3s to go
on time step 62773 (time=156.933), 0.00568974 s/step
Meep progress: 158.585/550.0 = 28.8% done in 356.3s, 879.3s to go
on time step 63434 (time=158.585), 0.00605271 s/step
Meep progress: 160.2275/550.0 = 29.1% done in 360.3s, 876.4s to go
on time step 64091 (time=160.227), 0.00608947 s/step
Meep progress: 161.88/550.0 = 29.4% done in 364.3s, 873.3s to go
on time step 64752 (time=161.88), 0.00605965 s/step
Meep progress: 163.6625/550.0 = 29.8% done in 368.3s, 869.3s to go
on time step 65465 (time=163.662), 0.00561325 s/step
Meep progress: 165.4475/550.0 = 30.1% done in 372.3s, 865.3s to go
on time step 66179 (time=165.447), 0.00560796 s/step
Meep progress: 167.2225/550.0 = 30.4% done in 376.3s, 861.3s to go
on time step 66889 (time=167.222), 0.00563866 s/step
Meep progress: 169.0/550.0 = 30.7% done in 380.3s, 857.3s to go
on time step 67600 (time=169), 0.00563121 s/step
Meep progress: 170.785/550.0 = 31.1% done in 384.3s, 853.3s to go
on time step 68314 (time=170.785), 0.00560736 s/step
Meep progress: 172.5675/550.0 = 31.4% done in 388.3s, 849.2s to go
on time step 69027 (time=172.567), 0.00561599 s/step
Meep progress: 174.3525/550.0 = 31.7% done in 392.3s, 845.2s to go
on time step 69741 (time=174.352), 0.00560308 s/step
Meep progress: 176.14000000000001/550.0 = 32.0% done in 396.3s, 841.1s to go
on time step 70456 (time=176.14), 0.00560149 s/step
Meep progress: 177.925/550.0 = 32.4% done in 400.3s, 837.1s to go
on time step 71170 (time=177.925), 0.00560281 s/step
Meep progress: 179.7075/550.0 = 32.7% done in 404.3s, 833.0s to go
on time step 71883 (time=179.708), 0.00561501 s/step
Meep progress: 181.4925/550.0 = 33.0% done in 408.3s, 829.0s to go
on time step 72597 (time=181.493), 0.00560446 s/step
Meep progress: 183.2775/550.0 = 33.3% done in 412.3s, 825.0s to go
on time step 73311 (time=183.278), 0.0056039 s/step
Meep progress: 185.06/550.0 = 33.6% done in 416.3s, 820.9s to go
on time step 74024 (time=185.06), 0.00561649 s/step
Meep progress: 186.8475/550.0 = 34.0% done in 420.3s, 816.9s to go
on time step 74739 (time=186.847), 0.00560131 s/step
Meep progress: 188.635/550.0 = 34.3% done in 424.3s, 812.8s to go
on time step 75454 (time=188.635), 0.00560239 s/step
Meep progress: 190.4225/550.0 = 34.6% done in 428.3s, 808.8s to go
on time step 76169 (time=190.423), 0.00560142 s/step
Meep progress: 192.205/550.0 = 34.9% done in 432.3s, 804.8s to go
on time step 76882 (time=192.205), 0.00561473 s/step
Meep progress: 193.9925/550.0 = 35.3% done in 436.3s, 800.7s to go
on time step 77597 (time=193.993), 0.00560179 s/step
Meep progress: 195.78/550.0 = 35.6% done in 440.3s, 796.7s to go
on time step 78312 (time=195.78), 0.00560065 s/step
Meep progress: 197.5625/550.0 = 35.9% done in 444.3s, 792.7s to go
on time step 79025 (time=197.562), 0.00561514 s/step
Meep progress: 199.3475/550.0 = 36.2% done in 448.3s, 788.6s to go
on time step 79739 (time=199.347), 0.00560389 s/step
Meep progress: 201.1325/550.0 = 36.6% done in 452.3s, 784.6s to go
on time step 80453 (time=201.132), 0.0056042 s/step
Meep progress: 202.91750000000002/550.0 = 36.9% done in 456.3s, 780.5s to go
on time step 81167 (time=202.918), 0.00560578 s/step
Meep progress: 204.6975/550.0 = 37.2% done in 460.3s, 776.5s to go
on time step 81879 (time=204.697), 0.00561912 s/step
Meep progress: 206.48250000000002/550.0 = 37.5% done in 464.3s, 772.5s to go
on time step 82593 (time=206.483), 0.00560275 s/step
Meep progress: 208.2675/550.0 = 37.9% done in 468.3s, 768.5s to go
on time step 83307 (time=208.268), 0.00560442 s/step
Meep progress: 210.05/550.0 = 38.2% done in 472.3s, 764.4s to go
on time step 84020 (time=210.05), 0.00561716 s/step
Meep progress: 211.835/550.0 = 38.5% done in 476.3s, 760.4s to go
on time step 84734 (time=211.835), 0.00560422 s/step
Meep progress: 213.62/550.0 = 38.8% done in 480.3s, 756.4s to go
on time step 85448 (time=213.62), 0.00560595 s/step
Meep progress: 215.4/550.0 = 39.2% done in 484.3s, 752.4s to go
on time step 86160 (time=215.4), 0.00561815 s/step
Meep progress: 217.175/550.0 = 39.5% done in 488.3s, 748.4s to go
on time step 86870 (time=217.175), 0.00563434 s/step
Meep progress: 218.9025/550.0 = 39.8% done in 492.3s, 744.7s to go
on time step 87561 (time=218.903), 0.00579079 s/step
Meep progress: 220.6725/550.0 = 40.1% done in 496.3s, 740.7s to go
on time step 88269 (time=220.673), 0.00565023 s/step
Meep progress: 222.3925/550.0 = 40.4% done in 500.4s, 737.1s to go
on time step 88957 (time=222.393), 0.00582207 s/step
Meep progress: 224.0675/550.0 = 40.7% done in 504.4s, 733.6s to go
on time step 89627 (time=224.067), 0.00597638 s/step
Meep progress: 225.69/550.0 = 41.0% done in 508.4s, 730.5s to go
on time step 90276 (time=225.69), 0.00617124 s/step
Meep progress: 227.44/550.0 = 41.4% done in 512.4s, 726.6s to go
on time step 90976 (time=227.44), 0.00571616 s/step
Meep progress: 229.2125/550.0 = 41.7% done in 516.4s, 722.7s to go
on time step 91685 (time=229.213), 0.00564815 s/step
Meep progress: 230.965/550.0 = 42.0% done in 520.4s, 718.8s to go
on time step 92386 (time=230.965), 0.00570777 s/step
Meep progress: 232.61/550.0 = 42.3% done in 524.4s, 715.5s to go
on time step 93044 (time=232.61), 0.00608049 s/step
Meep progress: 234.2475/550.0 = 42.6% done in 528.4s, 712.2s to go
on time step 93699 (time=234.248), 0.00611293 s/step
Meep progress: 235.91/550.0 = 42.9% done in 532.4s, 708.8s to go
on time step 94364 (time=235.91), 0.00601586 s/step
Meep progress: 237.57750000000001/550.0 = 43.2% done in 536.4s, 705.4s to go
on time step 95031 (time=237.578), 0.0060051 s/step
Meep progress: 239.3625/550.0 = 43.5% done in 540.4s, 701.3s to go
on time step 95745 (time=239.363), 0.00560432 s/step
Meep progress: 240.9975/550.0 = 43.8% done in 544.4s, 698.0s to go
on time step 96399 (time=240.998), 0.0061202 s/step
Meep progress: 242.66/550.0 = 44.1% done in 548.4s, 694.6s to go
on time step 97064 (time=242.66), 0.00602388 s/step
Meep progress: 244.3925/550.0 = 44.4% done in 552.4s, 690.8s to go
on time step 97757 (time=244.393), 0.00577374 s/step
Meep progress: 246.0575/550.0 = 44.7% done in 556.4s, 687.3s to go
on time step 98423 (time=246.058), 0.00601016 s/step
Meep progress: 247.7975/550.0 = 45.1% done in 560.4s, 683.4s to go
on time step 99119 (time=247.798), 0.00574876 s/step
Meep progress: 249.4975/550.0 = 45.4% done in 564.4s, 679.8s to go
on time step 99799 (time=249.498), 0.00588694 s/step
Meep progress: 251.205/550.0 = 45.7% done in 568.4s, 676.1s to go
on time step 100482 (time=251.205), 0.00586212 s/step
Meep progress: 252.85500000000002/550.0 = 46.0% done in 572.4s, 672.7s to go
on time step 101142 (time=252.855), 0.00606304 s/step
Meep progress: 254.4675/550.0 = 46.3% done in 576.4s, 669.4s to go
on time step 101787 (time=254.468), 0.0062054 s/step
Meep progress: 256.1675/550.0 = 46.6% done in 580.4s, 665.7s to go
on time step 102467 (time=256.168), 0.00588629 s/step
Meep progress: 257.795/550.0 = 46.9% done in 584.4s, 662.4s to go
on time step 103118 (time=257.795), 0.00614736 s/step
Meep progress: 259.415/550.0 = 47.2% done in 588.4s, 659.1s to go
on time step 103766 (time=259.415), 0.0061809 s/step
Meep progress: 261.105/550.0 = 47.5% done in 592.4s, 655.5s to go
on time step 104442 (time=261.105), 0.00592219 s/step
Meep progress: 262.7875/550.0 = 47.8% done in 596.4s, 651.9s to go
on time step 105115 (time=262.788), 0.0059482 s/step
Meep progress: 264.4775/550.0 = 48.1% done in 600.4s, 648.2s to go
on time step 105791 (time=264.478), 0.00592317 s/step
Meep progress: 266.19/550.0 = 48.4% done in 604.4s, 644.4s to go
on time step 106476 (time=266.19), 0.00584126 s/step
Meep progress: 267.895/550.0 = 48.7% done in 608.4s, 640.7s to go
on time step 107158 (time=267.895), 0.00586603 s/step
Meep progress: 269.605/550.0 = 49.0% done in 612.4s, 636.9s to go
on time step 107842 (time=269.605), 0.00585037 s/step
Meep progress: 271.355/550.0 = 49.3% done in 616.4s, 633.0s to go
on time step 108542 (time=271.355), 0.00571515 s/step
Meep progress: 273.1375/550.0 = 49.7% done in 620.4s, 628.9s to go
on time step 109255 (time=273.137), 0.00561353 s/step
Meep progress: 274.9275/550.0 = 50.0% done in 624.4s, 624.8s to go
on time step 109972 (time=274.93), 0.00558649 s/step
Meep progress: 276.725/550.0 = 50.3% done in 628.4s, 620.6s to go
on time step 110691 (time=276.728), 0.00556819 s/step
Meep progress: 278.5225/550.0 = 50.6% done in 632.4s, 616.4s to go
on time step 111410 (time=278.525), 0.00556335 s/step
Meep progress: 280.3175/550.0 = 51.0% done in 636.4s, 612.3s to go
on time step 112128 (time=280.32), 0.00557858 s/step
Meep progress: 282.0775/550.0 = 51.3% done in 640.4s, 608.3s to go
on time step 112832 (time=282.08), 0.0056829 s/step
Meep progress: 283.87/550.0 = 51.6% done in 644.4s, 604.2s to go
on time step 113549 (time=283.873), 0.00558136 s/step
Meep progress: 285.6675/550.0 = 51.9% done in 648.4s, 600.0s to go
on time step 114268 (time=285.67), 0.00556483 s/step
Meep progress: 287.46/550.0 = 52.3% done in 652.5s, 595.9s to go
on time step 114985 (time=287.463), 0.00558308 s/step
Meep progress: 289.2575/550.0 = 52.6% done in 656.5s, 591.7s to go
on time step 115704 (time=289.26), 0.00556419 s/step
Meep progress: 291.055/550.0 = 52.9% done in 660.5s, 587.6s to go
on time step 116423 (time=291.058), 0.00556677 s/step
Meep progress: 292.835/550.0 = 53.2% done in 664.5s, 583.5s to go
on time step 117135 (time=292.838), 0.00562274 s/step
Meep progress: 294.62/550.0 = 53.6% done in 668.5s, 579.4s to go
on time step 117849 (time=294.623), 0.00560347 s/step
Meep progress: 296.40000000000003/550.0 = 53.9% done in 672.5s, 575.4s to go
on time step 118561 (time=296.403), 0.00562068 s/step
Meep progress: 298.185/550.0 = 54.2% done in 676.5s, 571.3s to go
on time step 119275 (time=298.188), 0.00560422 s/step
Meep progress: 299.96500000000003/550.0 = 54.5% done in 680.5s, 567.2s to go
on time step 119987 (time=299.968), 0.00562094 s/step
Meep progress: 301.75/550.0 = 54.9% done in 684.5s, 563.1s to go
on time step 120701 (time=301.752), 0.00560335 s/step
Meep progress: 303.53000000000003/550.0 = 55.2% done in 688.5s, 559.0s to go
on time step 121413 (time=303.533), 0.00562089 s/step
Meep progress: 305.3175/550.0 = 55.5% done in 692.5s, 554.9s to go
on time step 122128 (time=305.32), 0.00560114 s/step
Meep progress: 306.9875/550.0 = 55.8% done in 696.5s, 551.3s to go
on time step 122796 (time=306.99), 0.00599424 s/step
Meep progress: 308.7675/550.0 = 56.1% done in 700.5s, 547.3s to go
on time step 123508 (time=308.77), 0.00561984 s/step
Meep progress: 310.5525/550.0 = 56.5% done in 704.5s, 543.2s to go
on time step 124222 (time=310.555), 0.00560516 s/step
Meep progress: 312.35/550.0 = 56.8% done in 708.5s, 539.0s to go
on time step 124941 (time=312.353), 0.00556665 s/step
Meep progress: 314.1425/550.0 = 57.1% done in 712.5s, 534.9s to go
on time step 125658 (time=314.145), 0.00558081 s/step
Meep progress: 315.9425/550.0 = 57.4% done in 716.5s, 530.8s to go
on time step 126378 (time=315.945), 0.0055574 s/step
Meep progress: 317.64/550.0 = 57.8% done in 720.5s, 527.1s to go
on time step 127057 (time=317.642), 0.00590101 s/step
Meep progress: 319.3/550.0 = 58.1% done in 724.5s, 523.5s to go
on time step 127721 (time=319.303), 0.00602505 s/step
Meep progress: 320.9975/550.0 = 58.4% done in 728.5s, 519.7s to go
on time step 128400 (time=321), 0.0058959 s/step
Meep progress: 322.6675/550.0 = 58.7% done in 732.5s, 516.1s to go
on time step 129068 (time=322.67), 0.0059885 s/step
Meep progress: 324.2475/550.0 = 59.0% done in 736.5s, 512.8s to go
on time step 129700 (time=324.25), 0.00633279 s/step
Meep progress: 325.9975/550.0 = 59.3% done in 740.5s, 508.8s to go
on time step 130400 (time=326), 0.00571804 s/step
Meep progress: 327.77500000000003/550.0 = 59.6% done in 744.5s, 504.8s to go
on time step 131111 (time=327.778), 0.00563044 s/step
Meep progress: 329.5675/550.0 = 59.9% done in 748.5s, 500.6s to go
on time step 131828 (time=329.57), 0.0055791 s/step
Meep progress: 331.3525/550.0 = 60.2% done in 752.5s, 496.6s to go
on time step 132542 (time=331.355), 0.0056041 s/step
Meep progress: 333.1375/550.0 = 60.6% done in 756.5s, 492.5s to go
on time step 133256 (time=333.14), 0.00560882 s/step
Meep progress: 334.93/550.0 = 60.9% done in 760.5s, 488.4s to go
on time step 133973 (time=334.933), 0.00558327 s/step
Meep progress: 336.71500000000003/550.0 = 61.2% done in 764.5s, 484.3s to go
on time step 134687 (time=336.718), 0.00560248 s/step
Meep progress: 338.505/550.0 = 61.5% done in 768.5s, 480.2s to go
on time step 135403 (time=338.507), 0.00558756 s/step
Meep progress: 340.2975/550.0 = 61.9% done in 772.5s, 476.1s to go
on time step 136120 (time=340.3), 0.0055853 s/step
Meep progress: 342.09000000000003/550.0 = 62.2% done in 776.5s, 471.9s to go
on time step 136837 (time=342.093), 0.00558484 s/step
Meep progress: 343.88/550.0 = 62.5% done in 780.5s, 467.8s to go
on time step 137553 (time=343.882), 0.00559132 s/step
Meep progress: 345.6675/550.0 = 62.8% done in 784.5s, 463.8s to go
on time step 138268 (time=345.67), 0.00560084 s/step
Meep progress: 347.46/550.0 = 63.2% done in 788.5s, 459.6s to go
on time step 138985 (time=347.463), 0.00558206 s/step
Meep progress: 349.2525/550.0 = 63.5% done in 792.5s, 455.5s to go
on time step 139702 (time=349.255), 0.00558615 s/step
Meep progress: 351.045/550.0 = 63.8% done in 796.5s, 451.4s to go
on time step 140419 (time=351.048), 0.00558177 s/step
Meep progress: 352.815/550.0 = 64.1% done in 800.5s, 447.4s to go
on time step 141127 (time=352.817), 0.00565237 s/step
Meep progress: 354.59250000000003/550.0 = 64.5% done in 804.5s, 443.4s to go
on time step 141838 (time=354.595), 0.00562603 s/step
Meep progress: 356.34000000000003/550.0 = 64.8% done in 808.5s, 439.4s to go
on time step 142537 (time=356.343), 0.00572658 s/step
Meep progress: 358.0675/550.0 = 65.1% done in 812.5s, 435.5s to go
on time step 143228 (time=358.07), 0.00578986 s/step
Meep progress: 359.865/550.0 = 65.4% done in 816.5s, 431.4s to go
on time step 143947 (time=359.868), 0.00556435 s/step
Meep progress: 361.6625/550.0 = 65.8% done in 820.6s, 427.3s to go
on time step 144666 (time=361.665), 0.00557066 s/step
Meep progress: 363.4475/550.0 = 66.1% done in 824.6s, 423.2s to go
on time step 145380 (time=363.45), 0.00560633 s/step
Meep progress: 365.235/550.0 = 66.4% done in 828.6s, 419.2s to go
on time step 146095 (time=365.238), 0.00559895 s/step
Meep progress: 367.02/550.0 = 66.7% done in 832.6s, 415.1s to go
on time step 146809 (time=367.022), 0.00560544 s/step
Meep progress: 368.805/550.0 = 67.1% done in 836.6s, 411.0s to go
on time step 147523 (time=368.808), 0.00560431 s/step
Meep progress: 370.59000000000003/550.0 = 67.4% done in 840.6s, 406.9s to go
on time step 148237 (time=370.593), 0.00560646 s/step
Meep progress: 372.37/550.0 = 67.7% done in 844.6s, 402.9s to go
on time step 148949 (time=372.373), 0.00562245 s/step
Meep progress: 374.15500000000003/550.0 = 68.0% done in 848.6s, 398.8s to go
on time step 149663 (time=374.158), 0.00560485 s/step
Meep progress: 375.9375/550.0 = 68.4% done in 852.6s, 394.7s to go
on time step 150376 (time=375.94), 0.00561115 s/step
Meep progress: 377.71500000000003/550.0 = 68.7% done in 856.6s, 390.7s to go
on time step 151087 (time=377.718), 0.00563109 s/step
Meep progress: 379.4875/550.0 = 69.0% done in 860.6s, 386.7s to go
on time step 151796 (time=379.49), 0.00564505 s/step
Meep progress: 381.2725/550.0 = 69.3% done in 864.6s, 382.6s to go
on time step 152510 (time=381.275), 0.00560471 s/step
Meep progress: 383.0575/550.0 = 69.6% done in 868.6s, 378.5s to go
on time step 153224 (time=383.06), 0.00560476 s/step
Meep progress: 384.84250000000003/550.0 = 70.0% done in 872.6s, 374.5s to go
on time step 153938 (time=384.845), 0.00560551 s/step
Meep progress: 386.6275/550.0 = 70.3% done in 876.6s, 370.4s to go
on time step 154652 (time=386.63), 0.0056043 s/step
Meep progress: 388.4175/550.0 = 70.6% done in 880.6s, 366.3s to go
on time step 155368 (time=388.42), 0.00558833 s/step
Meep progress: 390.21500000000003/550.0 = 70.9% done in 884.6s, 362.2s to go
on time step 156087 (time=390.218), 0.00556361 s/step
Meep progress: 392.0125/550.0 = 71.3% done in 888.6s, 358.1s to go
on time step 156806 (time=392.015), 0.00556418 s/step
Meep progress: 393.81/550.0 = 71.6% done in 892.6s, 354.0s to go
on time step 157525 (time=393.812), 0.00556733 s/step
Meep progress: 395.6025/550.0 = 71.9% done in 896.6s, 349.9s to go
on time step 158242 (time=395.605), 0.00558243 s/step
Meep progress: 397.40000000000003/550.0 = 72.3% done in 900.6s, 345.8s to go
on time step 158961 (time=397.403), 0.00556415 s/step
Meep progress: 399.1975/550.0 = 72.6% done in 904.6s, 341.7s to go
on time step 159680 (time=399.2), 0.00556456 s/step
Meep progress: 400.995/550.0 = 72.9% done in 908.6s, 337.6s to go
on time step 160399 (time=400.998), 0.00556777 s/step
Meep progress: 402.7875/550.0 = 73.2% done in 912.6s, 333.5s to go
on time step 161116 (time=402.79), 0.00558531 s/step
Meep progress: 404.58500000000004/550.0 = 73.6% done in 916.6s, 329.4s to go
on time step 161835 (time=404.588), 0.00556392 s/step
Meep progress: 406.3825/550.0 = 73.9% done in 920.6s, 325.3s to go
on time step 162554 (time=406.385), 0.00556975 s/step
Meep progress: 408.18/550.0 = 74.2% done in 924.6s, 321.3s to go
on time step 163273 (time=408.183), 0.00556521 s/step
Meep progress: 409.95/550.0 = 74.5% done in 928.6s, 317.2s to go
on time step 163981 (time=409.952), 0.00565628 s/step
Meep progress: 411.58500000000004/550.0 = 74.8% done in 932.6s, 313.6s to go
on time step 164635 (time=411.588), 0.0061255 s/step
Meep progress: 413.3/550.0 = 75.1% done in 936.6s, 309.8s to go
on time step 165321 (time=413.303), 0.00583135 s/step
Meep progress: 415.0775/550.0 = 75.5% done in 940.6s, 305.8s to go
on time step 166032 (time=415.08), 0.00562612 s/step
Meep progress: 416.85/550.0 = 75.8% done in 944.6s, 301.7s to go
on time step 166741 (time=416.853), 0.00564336 s/step
Meep progress: 418.6125/550.0 = 76.1% done in 948.6s, 297.7s to go
on time step 167446 (time=418.615), 0.00567954 s/step
Meep progress: 420.395/550.0 = 76.4% done in 952.6s, 293.7s to go
on time step 168159 (time=420.398), 0.00561315 s/step
Meep progress: 422.1925/550.0 = 76.8% done in 956.6s, 289.6s to go
on time step 168878 (time=422.195), 0.00556378 s/step
Meep progress: 423.9875/550.0 = 77.1% done in 960.6s, 285.5s to go
on time step 169596 (time=423.99), 0.00557728 s/step
Meep progress: 425.7575/550.0 = 77.4% done in 964.6s, 281.5s to go
on time step 170304 (time=425.76), 0.00565212 s/step
Meep progress: 427.535/550.0 = 77.7% done in 968.6s, 277.5s to go
on time step 171015 (time=427.538), 0.00563107 s/step
Meep progress: 429.27750000000003/550.0 = 78.1% done in 972.6s, 273.5s to go
on time step 171712 (time=429.28), 0.00574447 s/step
Meep progress: 431.045/550.0 = 78.4% done in 976.6s, 269.5s to go
on time step 172419 (time=431.048), 0.00566371 s/step
Meep progress: 432.7575/550.0 = 78.7% done in 980.6s, 265.7s to go
on time step 173104 (time=432.76), 0.00584216 s/step
Meep progress: 434.4425/550.0 = 79.0% done in 984.6s, 261.9s to go
on time step 173779 (time=434.447), 0.00593394 s/step
Meep progress: 436.1825/550.0 = 79.3% done in 988.7s, 258.0s to go
on time step 174475 (time=436.188), 0.00575164 s/step
Meep progress: 437.8925/550.0 = 79.6% done in 992.7s, 254.1s to go
on time step 175159 (time=437.898), 0.00585465 s/step
Meep progress: 439.6725/550.0 = 79.9% done in 996.7s, 250.1s to go
on time step 175871 (time=439.678), 0.00562117 s/step
Meep progress: 441.47/550.0 = 80.3% done in 1000.7s, 246.0s to go
on time step 176590 (time=441.475), 0.00556733 s/step
Meep progress: 443.2675/550.0 = 80.6% done in 1004.7s, 241.9s to go
on time step 177309 (time=443.273), 0.00556484 s/step
Meep progress: 445.06/550.0 = 80.9% done in 1008.7s, 237.8s to go
on time step 178026 (time=445.065), 0.00558366 s/step
Meep progress: 446.8575/550.0 = 81.2% done in 1012.7s, 233.7s to go
on time step 178745 (time=446.863), 0.00556504 s/step
Meep progress: 448.65500000000003/550.0 = 81.6% done in 1016.7s, 229.7s to go
on time step 179464 (time=448.66), 0.00556362 s/step
Meep progress: 450.4525/550.0 = 81.9% done in 1020.7s, 225.6s to go
on time step 180183 (time=450.457), 0.00556729 s/step
Meep progress: 452.2425/550.0 = 82.2% done in 1024.7s, 221.5s to go
on time step 180899 (time=452.248), 0.00558663 s/step
Meep progress: 454.04/550.0 = 82.6% done in 1028.7s, 217.4s to go
on time step 181618 (time=454.045), 0.00556504 s/step
Meep progress: 455.7425/550.0 = 82.9% done in 1032.7s, 213.6s to go
on time step 182299 (time=455.748), 0.00587918 s/step
Meep progress: 457.3825/550.0 = 83.2% done in 1036.7s, 209.9s to go
on time step 182955 (time=457.387), 0.00610797 s/step
Meep progress: 459.03000000000003/550.0 = 83.5% done in 1040.7s, 206.2s to go
on time step 183615 (time=459.038), 0.00606761 s/step
Meep progress: 460.53000000000003/550.0 = 83.7% done in 1044.7s, 203.0s to go
on time step 184215 (time=460.538), 0.00667709 s/step
Meep progress: 462.15000000000003/550.0 = 84.0% done in 1048.7s, 199.3s to go
on time step 184864 (time=462.16), 0.0061692 s/step
Meep progress: 463.7875/550.0 = 84.3% done in 1052.7s, 195.7s to go
on time step 185519 (time=463.798), 0.00611064 s/step
Meep progress: 465.5125/550.0 = 84.6% done in 1056.7s, 191.8s to go
on time step 186209 (time=465.523), 0.0057976 s/step
Meep progress: 467.2875/550.0 = 85.0% done in 1060.7s, 187.7s to go
on time step 186919 (time=467.298), 0.00563924 s/step
Meep progress: 469.0625/550.0 = 85.3% done in 1064.7s, 183.7s to go
on time step 187629 (time=469.072), 0.00563464 s/step
Meep progress: 470.83750000000003/550.0 = 85.6% done in 1068.7s, 179.7s to go
on time step 188339 (time=470.848), 0.00563921 s/step
Meep progress: 472.625/550.0 = 85.9% done in 1072.7s, 175.6s to go
on time step 189054 (time=472.635), 0.00560162 s/step
Meep progress: 474.4125/550.0 = 86.3% done in 1076.7s, 171.5s to go
on time step 189769 (time=474.423), 0.00560097 s/step
Meep progress: 476.2/550.0 = 86.6% done in 1080.7s, 167.5s to go
on time step 190484 (time=476.21), 0.00560195 s/step
Meep progress: 477.98/550.0 = 86.9% done in 1084.7s, 163.4s to go
on time step 191196 (time=477.99), 0.00562211 s/step
Meep progress: 479.765/550.0 = 87.2% done in 1088.7s, 159.4s to go
on time step 191910 (time=479.775), 0.00560256 s/step
Meep progress: 481.5475/550.0 = 87.6% done in 1092.7s, 155.3s to go
on time step 192623 (time=481.558), 0.00561274 s/step
Meep progress: 483.32/550.0 = 87.9% done in 1096.7s, 151.3s to go
on time step 193332 (time=483.33), 0.00564764 s/step
Meep progress: 485.0975/550.0 = 88.2% done in 1100.7s, 147.3s to go
on time step 194043 (time=485.108), 0.0056262 s/step
Meep progress: 486.8825/550.0 = 88.5% done in 1104.7s, 143.2s to go
on time step 194757 (time=486.892), 0.00560347 s/step
Meep progress: 488.6675/550.0 = 88.8% done in 1108.7s, 139.2s to go
on time step 195471 (time=488.678), 0.00560485 s/step
Meep progress: 490.46750000000003/550.0 = 89.2% done in 1112.7s, 135.1s to go
on time step 196191 (time=490.478), 0.00555771 s/step
Meep progress: 492.2675/550.0 = 89.5% done in 1116.7s, 131.0s to go
on time step 196911 (time=492.278), 0.00555888 s/step
Meep progress: 494.06/550.0 = 89.8% done in 1120.7s, 126.9s to go
on time step 197628 (time=494.07), 0.00558247 s/step
Meep progress: 495.86/550.0 = 90.2% done in 1124.7s, 122.8s to go
on time step 198348 (time=495.87), 0.0055582 s/step
Meep progress: 497.66/550.0 = 90.5% done in 1128.7s, 118.7s to go
on time step 199068 (time=497.67), 0.00556026 s/step
Meep progress: 499.4525/550.0 = 90.8% done in 1132.7s, 114.6s to go
on time step 199785 (time=499.463), 0.00558098 s/step
Meep progress: 501.2525/550.0 = 91.1% done in 1136.7s, 110.5s to go
on time step 200505 (time=501.262), 0.00555809 s/step
Meep progress: 503.0525/550.0 = 91.5% done in 1140.7s, 106.5s to go
on time step 201225 (time=503.062), 0.00555744 s/step
Meep progress: 504.845/550.0 = 91.8% done in 1144.7s, 102.4s to go
on time step 201942 (time=504.855), 0.0055812 s/step
Meep progress: 506.64500000000004/550.0 = 92.1% done in 1148.7s, 98.3s to go
on time step 202662 (time=506.655), 0.0055626 s/step
Meep progress: 508.4425/550.0 = 92.4% done in 1152.7s, 94.2s to go
on time step 203381 (time=508.452), 0.00556407 s/step
Meep progress: 510.235/550.0 = 92.8% done in 1156.8s, 90.2s to go
on time step 204098 (time=510.245), 0.00558409 s/step
Meep progress: 512.035/550.0 = 93.1% done in 1160.8s, 86.1s to go
on time step 204818 (time=512.045), 0.00556185 s/step
Meep progress: 513.8325/550.0 = 93.4% done in 1164.8s, 82.0s to go
on time step 205537 (time=513.842), 0.00556577 s/step
Meep progress: 515.625/550.0 = 93.8% done in 1168.8s, 77.9s to go
on time step 206254 (time=515.635), 0.00558511 s/step
Meep progress: 517.4225/550.0 = 94.1% done in 1172.8s, 73.8s to go
on time step 206973 (time=517.433), 0.00556387 s/step
Meep progress: 519.22/550.0 = 94.4% done in 1176.8s, 69.8s to go
on time step 207692 (time=519.23), 0.00556488 s/step
Meep progress: 521.01/550.0 = 94.7% done in 1180.8s, 65.7s to go
on time step 208408 (time=521.02), 0.00558734 s/step
Meep progress: 522.8100000000001/550.0 = 95.1% done in 1184.8s, 61.6s to go
on time step 209128 (time=522.82), 0.00556225 s/step
Meep progress: 524.6075/550.0 = 95.4% done in 1188.8s, 57.5s to go
on time step 209847 (time=524.618), 0.00556472 s/step
Meep progress: 526.4/550.0 = 95.7% done in 1192.8s, 53.5s to go
on time step 210564 (time=526.41), 0.00558605 s/step
Meep progress: 528.2/550.0 = 96.0% done in 1196.8s, 49.4s to go
on time step 211284 (time=528.21), 0.00556358 s/step
Meep progress: 529.9925000000001/550.0 = 96.4% done in 1200.8s, 45.3s to go
on time step 212001 (time=530.003), 0.00558593 s/step
Meep progress: 531.7925/550.0 = 96.7% done in 1204.8s, 41.2s to go
on time step 212721 (time=531.803), 0.00556037 s/step
Meep progress: 533.5925/550.0 = 97.0% done in 1208.8s, 37.2s to go
on time step 213441 (time=533.602), 0.00556297 s/step
Meep progress: 535.3775/550.0 = 97.3% done in 1212.8s, 33.1s to go
on time step 214155 (time=535.388), 0.00560328 s/step
Meep progress: 537.1575/550.0 = 97.7% done in 1216.8s, 29.1s to go
on time step 214867 (time=537.168), 0.00561932 s/step
Meep progress: 538.94/550.0 = 98.0% done in 1220.8s, 25.1s to go
on time step 215580 (time=538.95), 0.0056142 s/step
Meep progress: 540.73/550.0 = 98.3% done in 1224.8s, 21.0s to go
on time step 216296 (time=540.74), 0.00558819 s/step
Meep progress: 542.53/550.0 = 98.6% done in 1228.8s, 16.9s to go
on time step 217016 (time=542.54), 0.00556187 s/step
Meep progress: 544.32/550.0 = 99.0% done in 1232.8s, 12.9s to go
on time step 217732 (time=544.33), 0.00558815 s/step
Meep progress: 546.1175000000001/550.0 = 99.3% done in 1236.8s, 8.8s to go
on time step 218451 (time=546.128), 0.00556556 s/step
Meep progress: 547.915/550.0 = 99.6% done in 1240.8s, 4.7s to go
on time step 219170 (time=547.925), 0.00556902 s/step
Meep progress: 549.705/550.0 = 99.9% done in 1244.8s, 0.7s to go
on time step 219886 (time=549.715), 0.00558711 s/step
harminv0:, frequency, imag. freq., Q, |amp|, amplitude, error
harminv0:, 0.678405506163973, -0.0011882100624867839, 285.4737253883165, 6.021148024552348, -5.901214293614164+1.1957814994448324i, 1.1394795667042662e-10+0.0i
run 0 finished at t = 550.0 (220000 timesteps)
ldos0:, 170.54422755903022
Elapsed run time = 1332.76 s
